@0 +0
/counter/KEY St0
/counter/SW 10
/counter/HEX0 xxxxxxx
/counter/HEX1 xxxxxxx
/counter/LEDR xxxxxxxxxxx
/counter/out xxxxxxxx
/counter/KEY St0
/counter/SW 10
@0 +1
/counter/LEDR 000xxxxxxxx
@0 +2
/counter/out 00000000
/counter/HEX1 1000000
/counter/HEX0 1000000
/counter/LEDR 00000000000
@10 +0
/counter/SW 11
/counter/KEY St1
@10 +1
/counter/out 00000001
/counter/HEX0 1111001
/counter/LEDR 00000000001
@110 +0
/counter/KEY St0
@210 +0
/counter/KEY St1
@210 +1
/counter/out 00000010
/counter/HEX0 0100100
/counter/LEDR 00000000010
@310 +0
/counter/KEY St0
@410 +0
/counter/KEY St1
@410 +1
/counter/out 00000011
/counter/HEX0 0110000
/counter/LEDR 00000000011
@510 +0
/counter/KEY St0
@610 +0
/counter/KEY St1
@610 +1
/counter/out 00000100
/counter/HEX0 0011001
/counter/LEDR 00000000100
@710 +0
/counter/KEY St0
@810 +0
/counter/KEY St1
@810 +1
/counter/out 00000101
/counter/HEX0 0010010
/counter/LEDR 00000000101
@910 +0
/counter/KEY St0
@1010 +0
/counter/KEY St1
@1010 +1
/counter/out 00000110
/counter/HEX0 0000010
/counter/LEDR 00000000110
@1110 +0
/counter/KEY St0
@1210 +0
/counter/KEY St1
@1210 +1
/counter/out 00000111
/counter/HEX0 1111000
/counter/LEDR 00000000111
@1310 +0
/counter/KEY St0
@1410 +0
/counter/KEY St1
@1410 +1
/counter/out 00001000
/counter/HEX0 0000000
/counter/LEDR 00000001000
@1510 +0
/counter/KEY St0
@1610 +0
/counter/KEY St1
@1610 +1
/counter/out 00001001
/counter/HEX0 0011000
/counter/LEDR 00000001001
@1710 +0
/counter/KEY St0
@1810 +0
/counter/KEY St1
@1810 +1
/counter/out 00001010
/counter/HEX0 0001000
/counter/LEDR 00000001010
@1910 +0
/counter/KEY St0
@2010 +0
/counter/KEY St1
@2010 +1
/counter/out 00001011
/counter/HEX0 0000011
/counter/LEDR 00000001011
@2110 +0
/counter/KEY St0
@2210 +0
/counter/KEY St1
@2210 +1
/counter/out 00001100
/counter/HEX0 1000110
/counter/LEDR 00000001100
@2310 +0
/counter/KEY St0
@2410 +0
/counter/KEY St1
@2410 +1
/counter/out 00001101
/counter/HEX0 0100001
/counter/LEDR 00000001101
@2510 +0
/counter/KEY St0
@2610 +0
/counter/KEY St1
@2610 +1
/counter/out 00001110
/counter/HEX0 0000110
/counter/LEDR 00000001110
@2710 +0
/counter/KEY St0
@2810 +0
/counter/KEY St1
@2810 +1
/counter/out 00001111
/counter/HEX0 0001110
/counter/LEDR 00000001111
@2910 +0
/counter/KEY St0
@3010 +0
/counter/KEY St1
@3010 +1
/counter/out 00010000
/counter/HEX1 1111001
/counter/HEX0 1000000
/counter/LEDR 00000010000
@3110 +0
/counter/KEY St0
@3210 +0
/counter/KEY St1
@3210 +1
/counter/out 00010001
/counter/HEX0 1111001
/counter/LEDR 00000010001
@3310 +0
/counter/KEY St0
@3410 +0
/counter/KEY St1
@3410 +1
/counter/out 00010010
/counter/HEX0 0100100
/counter/LEDR 00000010010
@3510 +0
/counter/KEY St0
@3610 +0
/counter/KEY St1
@3610 +1
/counter/out 00010011
/counter/HEX0 0110000
/counter/LEDR 00000010011
@3710 +0
/counter/KEY St0
@3810 +0
/counter/KEY St1
@3810 +1
/counter/out 00010100
/counter/HEX0 0011001
/counter/LEDR 00000010100
@3910 +0
/counter/KEY St0
@4010 +0
/counter/KEY St1
@4010 +1
/counter/out 00010101
/counter/HEX0 0010010
/counter/LEDR 00000010101
@4110 +0
/counter/KEY St0
@4210 +0
/counter/KEY St1
@4210 +1
/counter/out 00010110
/counter/HEX0 0000010
/counter/LEDR 00000010110
@4310 +0
/counter/KEY St0
@4410 +0
/counter/KEY St1
@4410 +1
/counter/out 00010111
/counter/HEX0 1111000
/counter/LEDR 00000010111
@4510 +0
/counter/KEY St0
@4610 +0
/counter/KEY St1
@4610 +1
/counter/out 00011000
/counter/HEX0 0000000
/counter/LEDR 00000011000
@4710 +0
/counter/KEY St0
@4810 +0
/counter/KEY St1
@4810 +1
/counter/out 00011001
/counter/HEX0 0011000
/counter/LEDR 00000011001
@4910 +0
/counter/KEY St0
@5010 +0
/counter/KEY St1
@5010 +1
/counter/out 00011010
/counter/HEX0 0001000
/counter/LEDR 00000011010
@5110 +0
/counter/KEY St0
@5210 +0
/counter/KEY St1
@5210 +1
/counter/out 00011011
/counter/HEX0 0000011
/counter/LEDR 00000011011
@5310 +0
/counter/KEY St0
@5410 +0
/counter/KEY St1
@5410 +1
/counter/out 00011100
/counter/HEX0 1000110
/counter/LEDR 00000011100
@5510 +0
/counter/KEY St0
@5610 +0
/counter/KEY St1
@5610 +1
/counter/out 00011101
/counter/HEX0 0100001
/counter/LEDR 00000011101
@5710 +0
/counter/KEY St0
@5810 +0
/counter/KEY St1
@5810 +1
/counter/out 00011110
/counter/HEX0 0000110
/counter/LEDR 00000011110
@5910 +0
/counter/KEY St0
@6010 +0
/counter/KEY St1
@6010 +1
/counter/out 00011111
/counter/HEX0 0001110
/counter/LEDR 00000011111
@6110 +0
/counter/KEY St0
@6210 +0
/counter/KEY St1
@6210 +1
/counter/out 00100000
/counter/HEX1 0100100
/counter/HEX0 1000000
/counter/LEDR 00000100000
@6310 +0
/counter/KEY St0
@6410 +0
/counter/KEY St1
@6410 +1
/counter/out 00100001
/counter/HEX0 1111001
/counter/LEDR 00000100001
@6510 +0
/counter/KEY St0
@6610 +0
/counter/KEY St1
@6610 +1
/counter/out 00100010
/counter/HEX0 0100100
/counter/LEDR 00000100010
@6710 +0
/counter/KEY St0
@6810 +0
/counter/KEY St1
@6810 +1
/counter/out 00100011
/counter/HEX0 0110000
/counter/LEDR 00000100011
@6910 +0
/counter/KEY St0
@7010 +0
/counter/KEY St1
@7010 +1
/counter/out 00100100
/counter/HEX0 0011001
/counter/LEDR 00000100100
@7110 +0
/counter/KEY St0
@7210 +0
/counter/KEY St1
@7210 +1
/counter/out 00100101
/counter/HEX0 0010010
/counter/LEDR 00000100101
@7310 +0
/counter/KEY St0
@7410 +0
/counter/KEY St1
@7410 +1
/counter/out 00100110
/counter/HEX0 0000010
/counter/LEDR 00000100110
@7510 +0
/counter/KEY St0
@7610 +0
/counter/KEY St1
@7610 +1
/counter/out 00100111
/counter/HEX0 1111000
/counter/LEDR 00000100111
@7710 +0
/counter/KEY St0
@7810 +0
/counter/KEY St1
@7810 +1
/counter/out 00101000
/counter/HEX0 0000000
/counter/LEDR 00000101000
@7910 +0
/counter/KEY St0
@8010 +0
/counter/KEY St1
@8010 +1
/counter/out 00101001
/counter/HEX0 0011000
/counter/LEDR 00000101001
@8110 +0
/counter/KEY St0
@8210 +0
/counter/KEY St1
@8210 +1
/counter/out 00101010
/counter/HEX0 0001000
/counter/LEDR 00000101010
@8310 +0
/counter/KEY St0
@8410 +0
/counter/KEY St1
@8410 +1
/counter/out 00101011
/counter/HEX0 0000011
/counter/LEDR 00000101011
@8510 +0
/counter/KEY St0
@8610 +0
/counter/KEY St1
@8610 +1
/counter/out 00101100
/counter/HEX0 1000110
/counter/LEDR 00000101100
@8710 +0
/counter/KEY St0
@8810 +0
/counter/KEY St1
@8810 +1
/counter/out 00101101
/counter/HEX0 0100001
/counter/LEDR 00000101101
@8910 +0
/counter/KEY St0
@9010 +0
/counter/KEY St1
@9010 +1
/counter/out 00101110
/counter/HEX0 0000110
/counter/LEDR 00000101110
@9110 +0
/counter/KEY St0
@9210 +0
/counter/KEY St1
@9210 +1
/counter/out 00101111
/counter/HEX0 0001110
/counter/LEDR 00000101111
@9310 +0
/counter/KEY St0
@9410 +0
/counter/KEY St1
@9410 +1
/counter/out 00110000
/counter/HEX1 0110000
/counter/HEX0 1000000
/counter/LEDR 00000110000
@9510 +0
/counter/KEY St0
@9610 +0
/counter/KEY St1
@9610 +1
/counter/out 00110001
/counter/HEX0 1111001
/counter/LEDR 00000110001
@9710 +0
/counter/KEY St0
@9810 +0
/counter/KEY St1
@9810 +1
/counter/out 00110010
/counter/HEX0 0100100
/counter/LEDR 00000110010
@9910 +0
/counter/KEY St0
@10010 +0
/counter/KEY St1
@10010 +1
/counter/out 00110011
/counter/HEX0 0110000
/counter/LEDR 00000110011
