@0 +0
/morse/CLOCK_50 HiZ
/morse/clock StX
/morse/CLOCK_50 St0
/morse/LEDR zzzzzzzzzx
/morse/SW zzzzzzz111
/morse/KEY zz00
/morse/SW zzzzzzz111
/morse/KEY zz00
@0 +3
/morse/LEDR zzzzzzzzz0
@1 +0
/morse/CLOCK_50 St1
@2 +0
/morse/CLOCK_50 St0
@3 +0
/morse/CLOCK_50 St1
@4 +0
/morse/CLOCK_50 St0
@5 +0
/morse/CLOCK_50 St1
@6 +0
/morse/CLOCK_50 St0
@7 +0
/morse/CLOCK_50 St1
@8 +0
/morse/CLOCK_50 St0
@9 +0
/morse/CLOCK_50 St1
@10 +0
/morse/CLOCK_50 St0
@11 +0
/morse/CLOCK_50 St1
@12 +0
/morse/CLOCK_50 St0
@13 +0
/morse/CLOCK_50 St1
@14 +0
/morse/CLOCK_50 St0
@15 +0
/morse/CLOCK_50 St1
@16 +0
/morse/CLOCK_50 St0
@17 +0
/morse/CLOCK_50 St1
@18 +0
/morse/CLOCK_50 St0
@19 +0
/morse/CLOCK_50 St1
@20 +0
/morse/CLOCK_50 St0
/morse/KEY zz01
@21 +0
/morse/CLOCK_50 St1
@21 +1
/morse/clock St0
@22 +0
/morse/CLOCK_50 St0
@23 +0
/morse/CLOCK_50 St1
@24 +0
/morse/CLOCK_50 St0
@25 +0
/morse/CLOCK_50 St1
@26 +0
/morse/CLOCK_50 St0
@27 +0
/morse/CLOCK_50 St1
@28 +0
/morse/CLOCK_50 St0
@29 +0
/morse/CLOCK_50 St1
@30 +0
/morse/CLOCK_50 St0
@31 +0
/morse/CLOCK_50 St1
@32 +0
/morse/CLOCK_50 St0
@33 +0
/morse/CLOCK_50 St1
@34 +0
/morse/CLOCK_50 St0
@35 +0
/morse/CLOCK_50 St1
@36 +0
/morse/CLOCK_50 St0
@37 +0
/morse/CLOCK_50 St1
@38 +0
/morse/CLOCK_50 St0
@39 +0
/morse/CLOCK_50 St1
@40 +0
/morse/CLOCK_50 St0
@41 +0
/morse/CLOCK_50 St1
@42 +0
/morse/CLOCK_50 St0
@43 +0
/morse/CLOCK_50 St1
@44 +0
/morse/CLOCK_50 St0
@45 +0
/morse/CLOCK_50 St1
@46 +0
/morse/CLOCK_50 St0
@47 +0
/morse/CLOCK_50 St1
@48 +0
/morse/CLOCK_50 St0
@49 +0
/morse/CLOCK_50 St1
@50 +0
/morse/CLOCK_50 St0
@51 +0
/morse/CLOCK_50 St1
@52 +0
/morse/CLOCK_50 St0
@53 +0
/morse/CLOCK_50 St1
@54 +0
/morse/CLOCK_50 St0
@55 +0
/morse/CLOCK_50 St1
@56 +0
/morse/CLOCK_50 St0
@57 +0
/morse/CLOCK_50 St1
@58 +0
/morse/CLOCK_50 St0
@59 +0
/morse/CLOCK_50 St1
@60 +0
/morse/CLOCK_50 St0
@61 +0
/morse/CLOCK_50 St1
@62 +0
/morse/CLOCK_50 St0
@63 +0
/morse/CLOCK_50 St1
@64 +0
/morse/CLOCK_50 St0
@65 +0
/morse/CLOCK_50 St1
@66 +0
/morse/CLOCK_50 St0
@67 +0
/morse/CLOCK_50 St1
@68 +0
/morse/CLOCK_50 St0
@69 +0
/morse/CLOCK_50 St1
@70 +0
/morse/CLOCK_50 St0
@71 +0
/morse/CLOCK_50 St1
@72 +0
/morse/CLOCK_50 St0
@73 +0
/morse/CLOCK_50 St1
@74 +0
/morse/CLOCK_50 St0
@75 +0
/morse/CLOCK_50 St1
@76 +0
/morse/CLOCK_50 St0
@77 +0
/morse/CLOCK_50 St1
@78 +0
/morse/CLOCK_50 St0
@79 +0
/morse/CLOCK_50 St1
@80 +0
/morse/CLOCK_50 St0
@81 +0
/morse/CLOCK_50 St1
@82 +0
/morse/CLOCK_50 St0
@83 +0
/morse/CLOCK_50 St1
@84 +0
/morse/CLOCK_50 St0
@85 +0
/morse/CLOCK_50 St1
@85 +1
/morse/clock St1
@86 +0
/morse/CLOCK_50 St0
@87 +0
/morse/CLOCK_50 St1
@87 +1
/morse/clock St0
@88 +0
/morse/CLOCK_50 St0
@89 +0
/morse/CLOCK_50 St1
@90 +0
/morse/CLOCK_50 St0
@91 +0
/morse/CLOCK_50 St1
@92 +0
/morse/CLOCK_50 St0
@93 +0
/morse/CLOCK_50 St1
@94 +0
/morse/CLOCK_50 St0
@95 +0
/morse/CLOCK_50 St1
@96 +0
/morse/CLOCK_50 St0
@97 +0
/morse/CLOCK_50 St1
@98 +0
/morse/CLOCK_50 St0
@99 +0
/morse/CLOCK_50 St1
@100 +0
/morse/CLOCK_50 St0
@101 +0
/morse/CLOCK_50 St1
@102 +0
/morse/CLOCK_50 St0
@103 +0
/morse/CLOCK_50 St1
@104 +0
/morse/CLOCK_50 St0
@105 +0
/morse/CLOCK_50 St1
@106 +0
/morse/CLOCK_50 St0
@107 +0
/morse/CLOCK_50 St1
@108 +0
/morse/CLOCK_50 St0
@109 +0
/morse/CLOCK_50 St1
@110 +0
/morse/CLOCK_50 St0
@111 +0
/morse/CLOCK_50 St1
@112 +0
/morse/CLOCK_50 St0
@113 +0
/morse/CLOCK_50 St1
@114 +0
/morse/CLOCK_50 St0
@115 +0
/morse/CLOCK_50 St1
@116 +0
/morse/CLOCK_50 St0
@117 +0
/morse/CLOCK_50 St1
@118 +0
/morse/CLOCK_50 St0
@119 +0
/morse/CLOCK_50 St1
@120 +0
/morse/CLOCK_50 St0
@121 +0
/morse/CLOCK_50 St1
@122 +0
/morse/CLOCK_50 St0
@123 +0
/morse/CLOCK_50 St1
@124 +0
/morse/CLOCK_50 St0
@125 +0
/morse/CLOCK_50 St1
@126 +0
/morse/CLOCK_50 St0
@127 +0
/morse/CLOCK_50 St1
@128 +0
/morse/CLOCK_50 St0
@129 +0
/morse/CLOCK_50 St1
@130 +0
/morse/CLOCK_50 St0
@131 +0
/morse/CLOCK_50 St1
@132 +0
/morse/CLOCK_50 St0
@133 +0
/morse/CLOCK_50 St1
@134 +0
/morse/CLOCK_50 St0
@135 +0
/morse/CLOCK_50 St1
@136 +0
/morse/CLOCK_50 St0
@137 +0
/morse/CLOCK_50 St1
@138 +0
/morse/CLOCK_50 St0
@139 +0
/morse/CLOCK_50 St1
@140 +0
/morse/CLOCK_50 St0
@141 +0
/morse/CLOCK_50 St1
@142 +0
/morse/CLOCK_50 St0
@143 +0
/morse/CLOCK_50 St1
@144 +0
/morse/CLOCK_50 St0
@145 +0
/morse/CLOCK_50 St1
@146 +0
/morse/CLOCK_50 St0
@147 +0
/morse/CLOCK_50 St1
@148 +0
/morse/CLOCK_50 St0
@149 +0
/morse/CLOCK_50 St1
@149 +1
/morse/clock St1
@150 +0
/morse/CLOCK_50 St0
/morse/KEY zz11
@151 +0
/morse/CLOCK_50 St1
@151 +1
/morse/clock St0
@152 +0
/morse/CLOCK_50 St0
@153 +0
/morse/CLOCK_50 St1
@154 +0
/morse/CLOCK_50 St0
@155 +0
/morse/CLOCK_50 St1
@156 +0
/morse/CLOCK_50 St0
@157 +0
/morse/CLOCK_50 St1
@158 +0
/morse/CLOCK_50 St0
@159 +0
/morse/CLOCK_50 St1
@160 +0
/morse/CLOCK_50 St0
@161 +0
/morse/CLOCK_50 St1
@162 +0
/morse/CLOCK_50 St0
@163 +0
/morse/CLOCK_50 St1
@164 +0
/morse/CLOCK_50 St0
@165 +0
/morse/CLOCK_50 St1
@166 +0
/morse/CLOCK_50 St0
@167 +0
/morse/CLOCK_50 St1
@168 +0
/morse/CLOCK_50 St0
@169 +0
/morse/CLOCK_50 St1
@170 +0
/morse/CLOCK_50 St0
@171 +0
/morse/CLOCK_50 St1
@172 +0
/morse/CLOCK_50 St0
@173 +0
/morse/CLOCK_50 St1
@174 +0
/morse/CLOCK_50 St0
@175 +0
/morse/CLOCK_50 St1
@176 +0
/morse/CLOCK_50 St0
@177 +0
/morse/CLOCK_50 St1
@178 +0
/morse/CLOCK_50 St0
@179 +0
/morse/CLOCK_50 St1
@180 +0
/morse/CLOCK_50 St0
@181 +0
/morse/CLOCK_50 St1
@182 +0
/morse/CLOCK_50 St0
@183 +0
/morse/CLOCK_50 St1
@184 +0
/morse/CLOCK_50 St0
@185 +0
/morse/CLOCK_50 St1
@186 +0
/morse/CLOCK_50 St0
@187 +0
/morse/CLOCK_50 St1
@188 +0
/morse/CLOCK_50 St0
@189 +0
/morse/CLOCK_50 St1
@190 +0
/morse/CLOCK_50 St0
@191 +0
/morse/CLOCK_50 St1
@192 +0
/morse/CLOCK_50 St0
@193 +0
/morse/CLOCK_50 St1
@194 +0
/morse/CLOCK_50 St0
@195 +0
/morse/CLOCK_50 St1
@196 +0
/morse/CLOCK_50 St0
@197 +0
/morse/CLOCK_50 St1
@198 +0
/morse/CLOCK_50 St0
@199 +0
/morse/CLOCK_50 St1
@200 +0
/morse/CLOCK_50 St0
@201 +0
/morse/CLOCK_50 St1
@202 +0
/morse/CLOCK_50 St0
@203 +0
/morse/CLOCK_50 St1
@204 +0
/morse/CLOCK_50 St0
@205 +0
/morse/CLOCK_50 St1
@206 +0
/morse/CLOCK_50 St0
@207 +0
/morse/CLOCK_50 St1
@208 +0
/morse/CLOCK_50 St0
@209 +0
/morse/CLOCK_50 St1
@210 +0
/morse/CLOCK_50 St0
@211 +0
/morse/CLOCK_50 St1
@212 +0
/morse/CLOCK_50 St0
@213 +0
/morse/CLOCK_50 St1
@213 +1
/morse/clock St1
@213 +2
/morse/LEDR zzzzzzzzz1
@214 +0
/morse/CLOCK_50 St0
@215 +0
/morse/CLOCK_50 St1
@215 +1
/morse/clock St0
@216 +0
/morse/CLOCK_50 St0
@217 +0
/morse/CLOCK_50 St1
@218 +0
/morse/CLOCK_50 St0
@219 +0
/morse/CLOCK_50 St1
@220 +0
/morse/CLOCK_50 St0
@221 +0
/morse/CLOCK_50 St1
@222 +0
/morse/CLOCK_50 St0
@223 +0
/morse/CLOCK_50 St1
@224 +0
/morse/CLOCK_50 St0
@225 +0
/morse/CLOCK_50 St1
@226 +0
/morse/CLOCK_50 St0
@227 +0
/morse/CLOCK_50 St1
@228 +0
/morse/CLOCK_50 St0
@229 +0
/morse/CLOCK_50 St1
@230 +0
/morse/CLOCK_50 St0
@231 +0
/morse/CLOCK_50 St1
@232 +0
/morse/CLOCK_50 St0
@233 +0
/morse/CLOCK_50 St1
@234 +0
/morse/CLOCK_50 St0
@235 +0
/morse/CLOCK_50 St1
@236 +0
/morse/CLOCK_50 St0
@237 +0
/morse/CLOCK_50 St1
@238 +0
/morse/CLOCK_50 St0
@239 +0
/morse/CLOCK_50 St1
@240 +0
/morse/CLOCK_50 St0
@241 +0
/morse/CLOCK_50 St1
@242 +0
/morse/CLOCK_50 St0
@243 +0
/morse/CLOCK_50 St1
@244 +0
/morse/CLOCK_50 St0
@245 +0
/morse/CLOCK_50 St1
@246 +0
/morse/CLOCK_50 St0
@247 +0
/morse/CLOCK_50 St1
@248 +0
/morse/CLOCK_50 St0
@249 +0
/morse/CLOCK_50 St1
@250 +0
/morse/CLOCK_50 St0
@251 +0
/morse/CLOCK_50 St1
@252 +0
/morse/CLOCK_50 St0
@253 +0
/morse/CLOCK_50 St1
@254 +0
/morse/CLOCK_50 St0
@255 +0
/morse/CLOCK_50 St1
@256 +0
/morse/CLOCK_50 St0
@257 +0
/morse/CLOCK_50 St1
@258 +0
/morse/CLOCK_50 St0
@259 +0
/morse/CLOCK_50 St1
@260 +0
/morse/CLOCK_50 St0
@261 +0
/morse/CLOCK_50 St1
@262 +0
/morse/CLOCK_50 St0
@263 +0
/morse/CLOCK_50 St1
@264 +0
/morse/CLOCK_50 St0
@265 +0
/morse/CLOCK_50 St1
@266 +0
/morse/CLOCK_50 St0
@267 +0
/morse/CLOCK_50 St1
@268 +0
/morse/CLOCK_50 St0
@269 +0
/morse/CLOCK_50 St1
@270 +0
/morse/CLOCK_50 St0
@271 +0
/morse/CLOCK_50 St1
@272 +0
/morse/CLOCK_50 St0
@273 +0
/morse/CLOCK_50 St1
@274 +0
/morse/CLOCK_50 St0
@275 +0
/morse/CLOCK_50 St1
@276 +0
/morse/CLOCK_50 St0
@277 +0
/morse/CLOCK_50 St1
@277 +1
/morse/clock St1
@278 +0
/morse/CLOCK_50 St0
@279 +0
/morse/CLOCK_50 St1
@279 +1
/morse/clock St0
@280 +0
/morse/CLOCK_50 St0
@281 +0
/morse/CLOCK_50 St1
@282 +0
/morse/CLOCK_50 St0
@283 +0
/morse/CLOCK_50 St1
@284 +0
/morse/CLOCK_50 St0
@285 +0
/morse/CLOCK_50 St1
@286 +0
/morse/CLOCK_50 St0
@287 +0
/morse/CLOCK_50 St1
@288 +0
/morse/CLOCK_50 St0
@289 +0
/morse/CLOCK_50 St1
@290 +0
/morse/CLOCK_50 St0
@291 +0
/morse/CLOCK_50 St1
@292 +0
/morse/CLOCK_50 St0
@293 +0
/morse/CLOCK_50 St1
@294 +0
/morse/CLOCK_50 St0
@295 +0
/morse/CLOCK_50 St1
@296 +0
/morse/CLOCK_50 St0
@297 +0
/morse/CLOCK_50 St1
@298 +0
/morse/CLOCK_50 St0
@299 +0
/morse/CLOCK_50 St1
@300 +0
/morse/CLOCK_50 St0
@301 +0
/morse/CLOCK_50 St1
@302 +0
/morse/CLOCK_50 St0
@303 +0
/morse/CLOCK_50 St1
@304 +0
/morse/CLOCK_50 St0
@305 +0
/morse/CLOCK_50 St1
@306 +0
/morse/CLOCK_50 St0
@307 +0
/morse/CLOCK_50 St1
@308 +0
/morse/CLOCK_50 St0
@309 +0
/morse/CLOCK_50 St1
@310 +0
/morse/CLOCK_50 St0
@311 +0
/morse/CLOCK_50 St1
@312 +0
/morse/CLOCK_50 St0
@313 +0
/morse/CLOCK_50 St1
@314 +0
/morse/CLOCK_50 St0
@315 +0
/morse/CLOCK_50 St1
@316 +0
/morse/CLOCK_50 St0
@317 +0
/morse/CLOCK_50 St1
@318 +0
/morse/CLOCK_50 St0
@319 +0
/morse/CLOCK_50 St1
@320 +0
/morse/CLOCK_50 St0
@321 +0
/morse/CLOCK_50 St1
@322 +0
/morse/CLOCK_50 St0
@323 +0
/morse/CLOCK_50 St1
@324 +0
/morse/CLOCK_50 St0
@325 +0
/morse/CLOCK_50 St1
@326 +0
/morse/CLOCK_50 St0
@327 +0
/morse/CLOCK_50 St1
@328 +0
/morse/CLOCK_50 St0
@329 +0
/morse/CLOCK_50 St1
@330 +0
/morse/CLOCK_50 St0
@331 +0
/morse/CLOCK_50 St1
@332 +0
/morse/CLOCK_50 St0
@333 +0
/morse/CLOCK_50 St1
@334 +0
/morse/CLOCK_50 St0
@335 +0
/morse/CLOCK_50 St1
@336 +0
/morse/CLOCK_50 St0
@337 +0
/morse/CLOCK_50 St1
@338 +0
/morse/CLOCK_50 St0
@339 +0
/morse/CLOCK_50 St1
@340 +0
/morse/CLOCK_50 St0
@341 +0
/morse/CLOCK_50 St1
@341 +1
/morse/clock St1
@342 +0
/morse/CLOCK_50 St0
@343 +0
/morse/CLOCK_50 St1
@343 +1
/morse/clock St0
@344 +0
/morse/CLOCK_50 St0
@345 +0
/morse/CLOCK_50 St1
@346 +0
/morse/CLOCK_50 St0
@347 +0
/morse/CLOCK_50 St1
@348 +0
/morse/CLOCK_50 St0
@349 +0
/morse/CLOCK_50 St1
@350 +0
/morse/CLOCK_50 St0
@351 +0
/morse/CLOCK_50 St1
@352 +0
/morse/CLOCK_50 St0
@353 +0
/morse/CLOCK_50 St1
@354 +0
/morse/CLOCK_50 St0
@355 +0
/morse/CLOCK_50 St1
@356 +0
/morse/CLOCK_50 St0
@357 +0
/morse/CLOCK_50 St1
@358 +0
/morse/CLOCK_50 St0
@359 +0
/morse/CLOCK_50 St1
@360 +0
/morse/CLOCK_50 St0
@361 +0
/morse/CLOCK_50 St1
@362 +0
/morse/CLOCK_50 St0
@363 +0
/morse/CLOCK_50 St1
@364 +0
/morse/CLOCK_50 St0
@365 +0
/morse/CLOCK_50 St1
@366 +0
/morse/CLOCK_50 St0
@367 +0
/morse/CLOCK_50 St1
@368 +0
/morse/CLOCK_50 St0
@369 +0
/morse/CLOCK_50 St1
@370 +0
/morse/CLOCK_50 St0
@371 +0
/morse/CLOCK_50 St1
@372 +0
/morse/CLOCK_50 St0
@373 +0
/morse/CLOCK_50 St1
@374 +0
/morse/CLOCK_50 St0
@375 +0
/morse/CLOCK_50 St1
@376 +0
/morse/CLOCK_50 St0
@377 +0
/morse/CLOCK_50 St1
@378 +0
/morse/CLOCK_50 St0
@379 +0
/morse/CLOCK_50 St1
@380 +0
/morse/CLOCK_50 St0
@381 +0
/morse/CLOCK_50 St1
@382 +0
/morse/CLOCK_50 St0
@383 +0
/morse/CLOCK_50 St1
@384 +0
/morse/CLOCK_50 St0
@385 +0
/morse/CLOCK_50 St1
@386 +0
/morse/CLOCK_50 St0
@387 +0
/morse/CLOCK_50 St1
@388 +0
/morse/CLOCK_50 St0
@389 +0
/morse/CLOCK_50 St1
@390 +0
/morse/CLOCK_50 St0
@391 +0
/morse/CLOCK_50 St1
@392 +0
/morse/CLOCK_50 St0
@393 +0
/morse/CLOCK_50 St1
@394 +0
/morse/CLOCK_50 St0
@395 +0
/morse/CLOCK_50 St1
@396 +0
/morse/CLOCK_50 St0
@397 +0
/morse/CLOCK_50 St1
@398 +0
/morse/CLOCK_50 St0
@399 +0
/morse/CLOCK_50 St1
@400 +0
/morse/CLOCK_50 St0
@401 +0
/morse/CLOCK_50 St1
@402 +0
/morse/CLOCK_50 St0
@403 +0
/morse/CLOCK_50 St1
@404 +0
/morse/CLOCK_50 St0
@405 +0
/morse/CLOCK_50 St1
@405 +1
/morse/clock St1
@405 +2
/morse/LEDR zzzzzzzzz0
@406 +0
/morse/CLOCK_50 St0
@407 +0
/morse/CLOCK_50 St1
@407 +1
/morse/clock St0
@408 +0
/morse/CLOCK_50 St0
@409 +0
/morse/CLOCK_50 St1
@410 +0
/morse/CLOCK_50 St0
@411 +0
/morse/CLOCK_50 St1
@412 +0
/morse/CLOCK_50 St0
@413 +0
/morse/CLOCK_50 St1
@414 +0
/morse/CLOCK_50 St0
@415 +0
/morse/CLOCK_50 St1
@416 +0
/morse/CLOCK_50 St0
@417 +0
/morse/CLOCK_50 St1
@418 +0
/morse/CLOCK_50 St0
@419 +0
/morse/CLOCK_50 St1
@420 +0
/morse/CLOCK_50 St0
@421 +0
/morse/CLOCK_50 St1
@422 +0
/morse/CLOCK_50 St0
@423 +0
/morse/CLOCK_50 St1
@424 +0
/morse/CLOCK_50 St0
@425 +0
/morse/CLOCK_50 St1
@426 +0
/morse/CLOCK_50 St0
@427 +0
/morse/CLOCK_50 St1
@428 +0
/morse/CLOCK_50 St0
@429 +0
/morse/CLOCK_50 St1
@430 +0
/morse/CLOCK_50 St0
@431 +0
/morse/CLOCK_50 St1
@432 +0
/morse/CLOCK_50 St0
@433 +0
/morse/CLOCK_50 St1
@434 +0
/morse/CLOCK_50 St0
@435 +0
/morse/CLOCK_50 St1
@436 +0
/morse/CLOCK_50 St0
@437 +0
/morse/CLOCK_50 St1
@438 +0
/morse/CLOCK_50 St0
@439 +0
/morse/CLOCK_50 St1
@440 +0
/morse/CLOCK_50 St0
@441 +0
/morse/CLOCK_50 St1
@442 +0
/morse/CLOCK_50 St0
@443 +0
/morse/CLOCK_50 St1
@444 +0
/morse/CLOCK_50 St0
@445 +0
/morse/CLOCK_50 St1
@446 +0
/morse/CLOCK_50 St0
@447 +0
/morse/CLOCK_50 St1
@448 +0
/morse/CLOCK_50 St0
@449 +0
/morse/CLOCK_50 St1
@450 +0
/morse/CLOCK_50 St0
@451 +0
/morse/CLOCK_50 St1
@452 +0
/morse/CLOCK_50 St0
@453 +0
/morse/CLOCK_50 St1
@454 +0
/morse/CLOCK_50 St0
@455 +0
/morse/CLOCK_50 St1
@456 +0
/morse/CLOCK_50 St0
@457 +0
/morse/CLOCK_50 St1
@458 +0
/morse/CLOCK_50 St0
@459 +0
/morse/CLOCK_50 St1
@460 +0
/morse/CLOCK_50 St0
@461 +0
/morse/CLOCK_50 St1
@462 +0
/morse/CLOCK_50 St0
@463 +0
/morse/CLOCK_50 St1
@464 +0
/morse/CLOCK_50 St0
@465 +0
/morse/CLOCK_50 St1
@466 +0
/morse/CLOCK_50 St0
@467 +0
/morse/CLOCK_50 St1
@468 +0
/morse/CLOCK_50 St0
@469 +0
/morse/CLOCK_50 St1
@469 +1
/morse/clock St1
@469 +2
/morse/LEDR zzzzzzzzz1
@470 +0
/morse/CLOCK_50 St0
@471 +0
/morse/CLOCK_50 St1
@471 +1
/morse/clock St0
@472 +0
/morse/CLOCK_50 St0
@473 +0
/morse/CLOCK_50 St1
@474 +0
/morse/CLOCK_50 St0
@475 +0
/morse/CLOCK_50 St1
@476 +0
/morse/CLOCK_50 St0
@477 +0
/morse/CLOCK_50 St1
@478 +0
/morse/CLOCK_50 St0
@479 +0
/morse/CLOCK_50 St1
@480 +0
/morse/CLOCK_50 St0
@481 +0
/morse/CLOCK_50 St1
@482 +0
/morse/CLOCK_50 St0
@483 +0
/morse/CLOCK_50 St1
@484 +0
/morse/CLOCK_50 St0
@485 +0
/morse/CLOCK_50 St1
@486 +0
/morse/CLOCK_50 St0
@487 +0
/morse/CLOCK_50 St1
@488 +0
/morse/CLOCK_50 St0
@489 +0
/morse/CLOCK_50 St1
@490 +0
/morse/CLOCK_50 St0
@491 +0
/morse/CLOCK_50 St1
@492 +0
/morse/CLOCK_50 St0
@493 +0
/morse/CLOCK_50 St1
@494 +0
/morse/CLOCK_50 St0
@495 +0
/morse/CLOCK_50 St1
@496 +0
/morse/CLOCK_50 St0
@497 +0
/morse/CLOCK_50 St1
@498 +0
/morse/CLOCK_50 St0
@499 +0
/morse/CLOCK_50 St1
@500 +0
/morse/CLOCK_50 St0
@501 +0
/morse/CLOCK_50 St1
@502 +0
/morse/CLOCK_50 St0
@503 +0
/morse/CLOCK_50 St1
@504 +0
/morse/CLOCK_50 St0
@505 +0
/morse/CLOCK_50 St1
@506 +0
/morse/CLOCK_50 St0
@507 +0
/morse/CLOCK_50 St1
@508 +0
/morse/CLOCK_50 St0
@509 +0
/morse/CLOCK_50 St1
@510 +0
/morse/CLOCK_50 St0
@511 +0
/morse/CLOCK_50 St1
@512 +0
/morse/CLOCK_50 St0
@513 +0
/morse/CLOCK_50 St1
@514 +0
/morse/CLOCK_50 St0
@515 +0
/morse/CLOCK_50 St1
@516 +0
/morse/CLOCK_50 St0
@517 +0
/morse/CLOCK_50 St1
@518 +0
/morse/CLOCK_50 St0
@519 +0
/morse/CLOCK_50 St1
@520 +0
/morse/CLOCK_50 St0
@521 +0
/morse/CLOCK_50 St1
@522 +0
/morse/CLOCK_50 St0
@523 +0
/morse/CLOCK_50 St1
@524 +0
/morse/CLOCK_50 St0
@525 +0
/morse/CLOCK_50 St1
@526 +0
/morse/CLOCK_50 St0
@527 +0
/morse/CLOCK_50 St1
@528 +0
/morse/CLOCK_50 St0
@529 +0
/morse/CLOCK_50 St1
@530 +0
/morse/CLOCK_50 St0
@531 +0
/morse/CLOCK_50 St1
@532 +0
/morse/CLOCK_50 St0
@533 +0
/morse/CLOCK_50 St1
@533 +1
/morse/clock St1
@534 +0
/morse/CLOCK_50 St0
@535 +0
/morse/CLOCK_50 St1
@535 +1
/morse/clock St0
@536 +0
/morse/CLOCK_50 St0
@537 +0
/morse/CLOCK_50 St1
@538 +0
/morse/CLOCK_50 St0
@539 +0
/morse/CLOCK_50 St1
@540 +0
/morse/CLOCK_50 St0
@541 +0
/morse/CLOCK_50 St1
@542 +0
/morse/CLOCK_50 St0
@543 +0
/morse/CLOCK_50 St1
@544 +0
/morse/CLOCK_50 St0
@545 +0
/morse/CLOCK_50 St1
@546 +0
/morse/CLOCK_50 St0
@547 +0
/morse/CLOCK_50 St1
@548 +0
/morse/CLOCK_50 St0
@549 +0
/morse/CLOCK_50 St1
@550 +0
/morse/CLOCK_50 St0
@551 +0
/morse/CLOCK_50 St1
@552 +0
/morse/CLOCK_50 St0
@553 +0
/morse/CLOCK_50 St1
@554 +0
/morse/CLOCK_50 St0
@555 +0
/morse/CLOCK_50 St1
@556 +0
/morse/CLOCK_50 St0
@557 +0
/morse/CLOCK_50 St1
@558 +0
/morse/CLOCK_50 St0
@559 +0
/morse/CLOCK_50 St1
@560 +0
/morse/CLOCK_50 St0
@561 +0
/morse/CLOCK_50 St1
@562 +0
/morse/CLOCK_50 St0
@563 +0
/morse/CLOCK_50 St1
@564 +0
/morse/CLOCK_50 St0
@565 +0
/morse/CLOCK_50 St1
@566 +0
/morse/CLOCK_50 St0
@567 +0
/morse/CLOCK_50 St1
@568 +0
/morse/CLOCK_50 St0
@569 +0
/morse/CLOCK_50 St1
@570 +0
/morse/CLOCK_50 St0
@571 +0
/morse/CLOCK_50 St1
@572 +0
/morse/CLOCK_50 St0
@573 +0
/morse/CLOCK_50 St1
@574 +0
/morse/CLOCK_50 St0
@575 +0
/morse/CLOCK_50 St1
@576 +0
/morse/CLOCK_50 St0
@577 +0
/morse/CLOCK_50 St1
@578 +0
/morse/CLOCK_50 St0
@579 +0
/morse/CLOCK_50 St1
@580 +0
/morse/CLOCK_50 St0
@581 +0
/morse/CLOCK_50 St1
@582 +0
/morse/CLOCK_50 St0
@583 +0
/morse/CLOCK_50 St1
@584 +0
/morse/CLOCK_50 St0
@585 +0
/morse/CLOCK_50 St1
@586 +0
/morse/CLOCK_50 St0
@587 +0
/morse/CLOCK_50 St1
@588 +0
/morse/CLOCK_50 St0
@589 +0
/morse/CLOCK_50 St1
@590 +0
/morse/CLOCK_50 St0
@591 +0
/morse/CLOCK_50 St1
@592 +0
/morse/CLOCK_50 St0
@593 +0
/morse/CLOCK_50 St1
@594 +0
/morse/CLOCK_50 St0
@595 +0
/morse/CLOCK_50 St1
@596 +0
/morse/CLOCK_50 St0
@597 +0
/morse/CLOCK_50 St1
@597 +1
/morse/clock St1
@598 +0
/morse/CLOCK_50 St0
@599 +0
/morse/CLOCK_50 St1
@599 +1
/morse/clock St0
@600 +0
/morse/CLOCK_50 St0
@601 +0
/morse/CLOCK_50 St1
@602 +0
/morse/CLOCK_50 St0
@603 +0
/morse/CLOCK_50 St1
@604 +0
/morse/CLOCK_50 St0
@605 +0
/morse/CLOCK_50 St1
@606 +0
/morse/CLOCK_50 St0
@607 +0
/morse/CLOCK_50 St1
@608 +0
/morse/CLOCK_50 St0
@609 +0
/morse/CLOCK_50 St1
@610 +0
/morse/CLOCK_50 St0
@611 +0
/morse/CLOCK_50 St1
@612 +0
/morse/CLOCK_50 St0
@613 +0
/morse/CLOCK_50 St1
@614 +0
/morse/CLOCK_50 St0
@615 +0
/morse/CLOCK_50 St1
@616 +0
/morse/CLOCK_50 St0
@617 +0
/morse/CLOCK_50 St1
@618 +0
/morse/CLOCK_50 St0
@619 +0
/morse/CLOCK_50 St1
@620 +0
/morse/CLOCK_50 St0
@621 +0
/morse/CLOCK_50 St1
@622 +0
/morse/CLOCK_50 St0
@623 +0
/morse/CLOCK_50 St1
@624 +0
/morse/CLOCK_50 St0
@625 +0
/morse/CLOCK_50 St1
@626 +0
/morse/CLOCK_50 St0
@627 +0
/morse/CLOCK_50 St1
@628 +0
/morse/CLOCK_50 St0
@629 +0
/morse/CLOCK_50 St1
@630 +0
/morse/CLOCK_50 St0
@631 +0
/morse/CLOCK_50 St1
@632 +0
/morse/CLOCK_50 St0
@633 +0
/morse/CLOCK_50 St1
@634 +0
/morse/CLOCK_50 St0
@635 +0
/morse/CLOCK_50 St1
@636 +0
/morse/CLOCK_50 St0
@637 +0
/morse/CLOCK_50 St1
@638 +0
/morse/CLOCK_50 St0
@639 +0
/morse/CLOCK_50 St1
@640 +0
/morse/CLOCK_50 St0
@641 +0
/morse/CLOCK_50 St1
@642 +0
/morse/CLOCK_50 St0
@643 +0
/morse/CLOCK_50 St1
@644 +0
/morse/CLOCK_50 St0
@645 +0
/morse/CLOCK_50 St1
@646 +0
/morse/CLOCK_50 St0
@647 +0
/morse/CLOCK_50 St1
@648 +0
/morse/CLOCK_50 St0
@649 +0
/morse/CLOCK_50 St1
@650 +0
/morse/CLOCK_50 St0
@651 +0
/morse/CLOCK_50 St1
@652 +0
/morse/CLOCK_50 St0
@653 +0
/morse/CLOCK_50 St1
@654 +0
/morse/CLOCK_50 St0
@655 +0
/morse/CLOCK_50 St1
@656 +0
/morse/CLOCK_50 St0
@657 +0
/morse/CLOCK_50 St1
@658 +0
/morse/CLOCK_50 St0
@659 +0
/morse/CLOCK_50 St1
@660 +0
/morse/CLOCK_50 St0
@661 +0
/morse/CLOCK_50 St1
@661 +1
/morse/clock St1
@661 +2
/morse/LEDR zzzzzzzzz0
@662 +0
/morse/CLOCK_50 St0
@663 +0
/morse/CLOCK_50 St1
@663 +1
/morse/clock St0
@664 +0
/morse/CLOCK_50 St0
@665 +0
/morse/CLOCK_50 St1
@666 +0
/morse/CLOCK_50 St0
@667 +0
/morse/CLOCK_50 St1
@668 +0
/morse/CLOCK_50 St0
@669 +0
/morse/CLOCK_50 St1
@670 +0
/morse/CLOCK_50 St0
@671 +0
/morse/CLOCK_50 St1
@672 +0
/morse/CLOCK_50 St0
@673 +0
/morse/CLOCK_50 St1
@674 +0
/morse/CLOCK_50 St0
@675 +0
/morse/CLOCK_50 St1
@676 +0
/morse/CLOCK_50 St0
@677 +0
/morse/CLOCK_50 St1
@678 +0
/morse/CLOCK_50 St0
@679 +0
/morse/CLOCK_50 St1
@680 +0
/morse/CLOCK_50 St0
@681 +0
/morse/CLOCK_50 St1
@682 +0
/morse/CLOCK_50 St0
@683 +0
/morse/CLOCK_50 St1
@684 +0
/morse/CLOCK_50 St0
@685 +0
/morse/CLOCK_50 St1
@686 +0
/morse/CLOCK_50 St0
@687 +0
/morse/CLOCK_50 St1
@688 +0
/morse/CLOCK_50 St0
@689 +0
/morse/CLOCK_50 St1
@690 +0
/morse/CLOCK_50 St0
@691 +0
/morse/CLOCK_50 St1
@692 +0
/morse/CLOCK_50 St0
@693 +0
/morse/CLOCK_50 St1
@694 +0
/morse/CLOCK_50 St0
@695 +0
/morse/CLOCK_50 St1
@696 +0
/morse/CLOCK_50 St0
@697 +0
/morse/CLOCK_50 St1
@698 +0
/morse/CLOCK_50 St0
@699 +0
/morse/CLOCK_50 St1
@700 +0
/morse/CLOCK_50 St0
@701 +0
/morse/CLOCK_50 St1
@702 +0
/morse/CLOCK_50 St0
@703 +0
/morse/CLOCK_50 St1
@704 +0
/morse/CLOCK_50 St0
@705 +0
/morse/CLOCK_50 St1
@706 +0
/morse/CLOCK_50 St0
@707 +0
/morse/CLOCK_50 St1
@708 +0
/morse/CLOCK_50 St0
@709 +0
/morse/CLOCK_50 St1
@710 +0
/morse/CLOCK_50 St0
@711 +0
/morse/CLOCK_50 St1
@712 +0
/morse/CLOCK_50 St0
@713 +0
/morse/CLOCK_50 St1
@714 +0
/morse/CLOCK_50 St0
@715 +0
/morse/CLOCK_50 St1
@716 +0
/morse/CLOCK_50 St0
@717 +0
/morse/CLOCK_50 St1
@718 +0
/morse/CLOCK_50 St0
@719 +0
/morse/CLOCK_50 St1
@720 +0
/morse/CLOCK_50 St0
@721 +0
/morse/CLOCK_50 St1
@722 +0
/morse/CLOCK_50 St0
@723 +0
/morse/CLOCK_50 St1
@724 +0
/morse/CLOCK_50 St0
@725 +0
/morse/CLOCK_50 St1
@725 +1
/morse/clock St1
@725 +2
/morse/LEDR zzzzzzzzz1
@726 +0
/morse/CLOCK_50 St0
@727 +0
/morse/CLOCK_50 St1
@727 +1
/morse/clock St0
@728 +0
/morse/CLOCK_50 St0
@729 +0
/morse/CLOCK_50 St1
@730 +0
/morse/CLOCK_50 St0
@731 +0
/morse/CLOCK_50 St1
@732 +0
/morse/CLOCK_50 St0
@733 +0
/morse/CLOCK_50 St1
@734 +0
/morse/CLOCK_50 St0
@735 +0
/morse/CLOCK_50 St1
@736 +0
/morse/CLOCK_50 St0
@737 +0
/morse/CLOCK_50 St1
@738 +0
/morse/CLOCK_50 St0
@739 +0
/morse/CLOCK_50 St1
@740 +0
/morse/CLOCK_50 St0
@741 +0
/morse/CLOCK_50 St1
@742 +0
/morse/CLOCK_50 St0
@743 +0
/morse/CLOCK_50 St1
@744 +0
/morse/CLOCK_50 St0
@745 +0
/morse/CLOCK_50 St1
@746 +0
/morse/CLOCK_50 St0
@747 +0
/morse/CLOCK_50 St1
@748 +0
/morse/CLOCK_50 St0
@749 +0
/morse/CLOCK_50 St1
@750 +0
/morse/CLOCK_50 St0
@751 +0
/morse/CLOCK_50 St1
@752 +0
/morse/CLOCK_50 St0
@753 +0
/morse/CLOCK_50 St1
@754 +0
/morse/CLOCK_50 St0
@755 +0
/morse/CLOCK_50 St1
@756 +0
/morse/CLOCK_50 St0
@757 +0
/morse/CLOCK_50 St1
@758 +0
/morse/CLOCK_50 St0
@759 +0
/morse/CLOCK_50 St1
@760 +0
/morse/CLOCK_50 St0
@761 +0
/morse/CLOCK_50 St1
@762 +0
/morse/CLOCK_50 St0
@763 +0
/morse/CLOCK_50 St1
@764 +0
/morse/CLOCK_50 St0
@765 +0
/morse/CLOCK_50 St1
@766 +0
/morse/CLOCK_50 St0
@767 +0
/morse/CLOCK_50 St1
@768 +0
/morse/CLOCK_50 St0
@769 +0
/morse/CLOCK_50 St1
@770 +0
/morse/CLOCK_50 St0
@771 +0
/morse/CLOCK_50 St1
@772 +0
/morse/CLOCK_50 St0
@773 +0
/morse/CLOCK_50 St1
@774 +0
/morse/CLOCK_50 St0
@775 +0
/morse/CLOCK_50 St1
@776 +0
/morse/CLOCK_50 St0
@777 +0
/morse/CLOCK_50 St1
@778 +0
/morse/CLOCK_50 St0
@779 +0
/morse/CLOCK_50 St1
@780 +0
/morse/CLOCK_50 St0
@781 +0
/morse/CLOCK_50 St1
@782 +0
/morse/CLOCK_50 St0
@783 +0
/morse/CLOCK_50 St1
@784 +0
/morse/CLOCK_50 St0
@785 +0
/morse/CLOCK_50 St1
@786 +0
/morse/CLOCK_50 St0
@787 +0
/morse/CLOCK_50 St1
@788 +0
/morse/CLOCK_50 St0
@789 +0
/morse/CLOCK_50 St1
@789 +1
/morse/clock St1
@789 +2
/morse/LEDR zzzzzzzzz0
@790 +0
/morse/CLOCK_50 St0
@791 +0
/morse/CLOCK_50 St1
@791 +1
/morse/clock St0
@792 +0
/morse/CLOCK_50 St0
@793 +0
/morse/CLOCK_50 St1
@794 +0
/morse/CLOCK_50 St0
@795 +0
/morse/CLOCK_50 St1
@796 +0
/morse/CLOCK_50 St0
@797 +0
/morse/CLOCK_50 St1
@798 +0
/morse/CLOCK_50 St0
@799 +0
/morse/CLOCK_50 St1
@800 +0
/morse/CLOCK_50 St0
@801 +0
/morse/CLOCK_50 St1
@802 +0
/morse/CLOCK_50 St0
@803 +0
/morse/CLOCK_50 St1
@804 +0
/morse/CLOCK_50 St0
@805 +0
/morse/CLOCK_50 St1
@806 +0
/morse/CLOCK_50 St0
@807 +0
/morse/CLOCK_50 St1
@808 +0
/morse/CLOCK_50 St0
@809 +0
/morse/CLOCK_50 St1
@810 +0
/morse/CLOCK_50 St0
@811 +0
/morse/CLOCK_50 St1
@812 +0
/morse/CLOCK_50 St0
@813 +0
/morse/CLOCK_50 St1
@814 +0
/morse/CLOCK_50 St0
@815 +0
/morse/CLOCK_50 St1
@816 +0
/morse/CLOCK_50 St0
@817 +0
/morse/CLOCK_50 St1
@818 +0
/morse/CLOCK_50 St0
@819 +0
/morse/CLOCK_50 St1
@820 +0
/morse/CLOCK_50 St0
@821 +0
/morse/CLOCK_50 St1
@822 +0
/morse/CLOCK_50 St0
@823 +0
/morse/CLOCK_50 St1
@824 +0
/morse/CLOCK_50 St0
@825 +0
/morse/CLOCK_50 St1
@826 +0
/morse/CLOCK_50 St0
@827 +0
/morse/CLOCK_50 St1
@828 +0
/morse/CLOCK_50 St0
@829 +0
/morse/CLOCK_50 St1
@830 +0
/morse/CLOCK_50 St0
@831 +0
/morse/CLOCK_50 St1
@832 +0
/morse/CLOCK_50 St0
@833 +0
/morse/CLOCK_50 St1
@834 +0
/morse/CLOCK_50 St0
@835 +0
/morse/CLOCK_50 St1
@836 +0
/morse/CLOCK_50 St0
@837 +0
/morse/CLOCK_50 St1
@838 +0
/morse/CLOCK_50 St0
@839 +0
/morse/CLOCK_50 St1
@840 +0
/morse/CLOCK_50 St0
@841 +0
/morse/CLOCK_50 St1
@842 +0
/morse/CLOCK_50 St0
@843 +0
/morse/CLOCK_50 St1
@844 +0
/morse/CLOCK_50 St0
@845 +0
/morse/CLOCK_50 St1
@846 +0
/morse/CLOCK_50 St0
@847 +0
/morse/CLOCK_50 St1
@848 +0
/morse/CLOCK_50 St0
@849 +0
/morse/CLOCK_50 St1
@850 +0
/morse/CLOCK_50 St0
@851 +0
/morse/CLOCK_50 St1
@852 +0
/morse/CLOCK_50 St0
@853 +0
/morse/CLOCK_50 St1
@853 +1
/morse/clock St1
@853 +2
/morse/LEDR zzzzzzzzz1
@854 +0
/morse/CLOCK_50 St0
@855 +0
/morse/CLOCK_50 St1
@855 +1
/morse/clock St0
@856 +0
/morse/CLOCK_50 St0
@857 +0
/morse/CLOCK_50 St1
@858 +0
/morse/CLOCK_50 St0
@859 +0
/morse/CLOCK_50 St1
@860 +0
/morse/CLOCK_50 St0
@861 +0
/morse/CLOCK_50 St1
@862 +0
/morse/CLOCK_50 St0
@863 +0
/morse/CLOCK_50 St1
@864 +0
/morse/CLOCK_50 St0
@865 +0
/morse/CLOCK_50 St1
@866 +0
/morse/CLOCK_50 St0
@867 +0
/morse/CLOCK_50 St1
@868 +0
/morse/CLOCK_50 St0
@869 +0
/morse/CLOCK_50 St1
@870 +0
/morse/CLOCK_50 St0
@871 +0
/morse/CLOCK_50 St1
@872 +0
/morse/CLOCK_50 St0
@873 +0
/morse/CLOCK_50 St1
@874 +0
/morse/CLOCK_50 St0
@875 +0
/morse/CLOCK_50 St1
@876 +0
/morse/CLOCK_50 St0
@877 +0
/morse/CLOCK_50 St1
@878 +0
/morse/CLOCK_50 St0
@879 +0
/morse/CLOCK_50 St1
@880 +0
/morse/CLOCK_50 St0
@881 +0
/morse/CLOCK_50 St1
@882 +0
/morse/CLOCK_50 St0
@883 +0
/morse/CLOCK_50 St1
@884 +0
/morse/CLOCK_50 St0
@885 +0
/morse/CLOCK_50 St1
@886 +0
/morse/CLOCK_50 St0
@887 +0
/morse/CLOCK_50 St1
@888 +0
/morse/CLOCK_50 St0
@889 +0
/morse/CLOCK_50 St1
@890 +0
/morse/CLOCK_50 St0
@891 +0
/morse/CLOCK_50 St1
@892 +0
/morse/CLOCK_50 St0
@893 +0
/morse/CLOCK_50 St1
@894 +0
/morse/CLOCK_50 St0
@895 +0
/morse/CLOCK_50 St1
@896 +0
/morse/CLOCK_50 St0
@897 +0
/morse/CLOCK_50 St1
@898 +0
/morse/CLOCK_50 St0
@899 +0
/morse/CLOCK_50 St1
@900 +0
/morse/CLOCK_50 St0
@901 +0
/morse/CLOCK_50 St1
@902 +0
/morse/CLOCK_50 St0
@903 +0
/morse/CLOCK_50 St1
@904 +0
/morse/CLOCK_50 St0
@905 +0
/morse/CLOCK_50 St1
@906 +0
/morse/CLOCK_50 St0
@907 +0
/morse/CLOCK_50 St1
@908 +0
/morse/CLOCK_50 St0
@909 +0
/morse/CLOCK_50 St1
@910 +0
/morse/CLOCK_50 St0
@911 +0
/morse/CLOCK_50 St1
@912 +0
/morse/CLOCK_50 St0
@913 +0
/morse/CLOCK_50 St1
@914 +0
/morse/CLOCK_50 St0
@915 +0
/morse/CLOCK_50 St1
@916 +0
/morse/CLOCK_50 St0
@917 +0
/morse/CLOCK_50 St1
@917 +1
/morse/clock St1
@917 +2
/morse/LEDR zzzzzzzzz0
@918 +0
/morse/CLOCK_50 St0
@919 +0
/morse/CLOCK_50 St1
@919 +1
/morse/clock St0
@920 +0
/morse/CLOCK_50 St0
@921 +0
/morse/CLOCK_50 St1
@922 +0
/morse/CLOCK_50 St0
@923 +0
/morse/CLOCK_50 St1
@924 +0
/morse/CLOCK_50 St0
@925 +0
/morse/CLOCK_50 St1
@926 +0
/morse/CLOCK_50 St0
@927 +0
/morse/CLOCK_50 St1
@928 +0
/morse/CLOCK_50 St0
@929 +0
/morse/CLOCK_50 St1
@930 +0
/morse/CLOCK_50 St0
@931 +0
/morse/CLOCK_50 St1
@932 +0
/morse/CLOCK_50 St0
@933 +0
/morse/CLOCK_50 St1
@934 +0
/morse/CLOCK_50 St0
@935 +0
/morse/CLOCK_50 St1
@936 +0
/morse/CLOCK_50 St0
@937 +0
/morse/CLOCK_50 St1
@938 +0
/morse/CLOCK_50 St0
@939 +0
/morse/CLOCK_50 St1
@940 +0
/morse/CLOCK_50 St0
@941 +0
/morse/CLOCK_50 St1
@942 +0
/morse/CLOCK_50 St0
@943 +0
/morse/CLOCK_50 St1
@944 +0
/morse/CLOCK_50 St0
@945 +0
/morse/CLOCK_50 St1
@946 +0
/morse/CLOCK_50 St0
@947 +0
/morse/CLOCK_50 St1
@948 +0
/morse/CLOCK_50 St0
@949 +0
/morse/CLOCK_50 St1
@950 +0
/morse/CLOCK_50 St0
@951 +0
/morse/CLOCK_50 St1
@952 +0
/morse/CLOCK_50 St0
@953 +0
/morse/CLOCK_50 St1
@954 +0
/morse/CLOCK_50 St0
@955 +0
/morse/CLOCK_50 St1
@956 +0
/morse/CLOCK_50 St0
@957 +0
/morse/CLOCK_50 St1
@958 +0
/morse/CLOCK_50 St0
@959 +0
/morse/CLOCK_50 St1
@960 +0
/morse/CLOCK_50 St0
@961 +0
/morse/CLOCK_50 St1
@962 +0
/morse/CLOCK_50 St0
@963 +0
/morse/CLOCK_50 St1
@964 +0
/morse/CLOCK_50 St0
@965 +0
/morse/CLOCK_50 St1
@966 +0
/morse/CLOCK_50 St0
@967 +0
/morse/CLOCK_50 St1
@968 +0
/morse/CLOCK_50 St0
@969 +0
/morse/CLOCK_50 St1
@970 +0
/morse/CLOCK_50 St0
@971 +0
/morse/CLOCK_50 St1
@972 +0
/morse/CLOCK_50 St0
@973 +0
/morse/CLOCK_50 St1
@974 +0
/morse/CLOCK_50 St0
@975 +0
/morse/CLOCK_50 St1
@976 +0
/morse/CLOCK_50 St0
@977 +0
/morse/CLOCK_50 St1
@978 +0
/morse/CLOCK_50 St0
@979 +0
/morse/CLOCK_50 St1
@980 +0
/morse/CLOCK_50 St0
@981 +0
/morse/CLOCK_50 St1
@981 +1
/morse/clock St1
@982 +0
/morse/CLOCK_50 St0
@983 +0
/morse/CLOCK_50 St1
@983 +1
/morse/clock St0
@984 +0
/morse/CLOCK_50 St0
@985 +0
/morse/CLOCK_50 St1
@986 +0
/morse/CLOCK_50 St0
@987 +0
/morse/CLOCK_50 St1
@988 +0
/morse/CLOCK_50 St0
@989 +0
/morse/CLOCK_50 St1
@990 +0
/morse/CLOCK_50 St0
@991 +0
/morse/CLOCK_50 St1
@992 +0
/morse/CLOCK_50 St0
@993 +0
/morse/CLOCK_50 St1
@994 +0
/morse/CLOCK_50 St0
@995 +0
/morse/CLOCK_50 St1
@996 +0
/morse/CLOCK_50 St0
@997 +0
/morse/CLOCK_50 St1
@998 +0
/morse/CLOCK_50 St0
@999 +0
/morse/CLOCK_50 St1
@1000 +0
/morse/CLOCK_50 St0
@1001 +0
/morse/CLOCK_50 St1
@1002 +0
/morse/CLOCK_50 St0
@1003 +0
/morse/CLOCK_50 St1
@1004 +0
/morse/CLOCK_50 St0
@1005 +0
/morse/CLOCK_50 St1
@1006 +0
/morse/CLOCK_50 St0
@1007 +0
/morse/CLOCK_50 St1
@1008 +0
/morse/CLOCK_50 St0
@1009 +0
/morse/CLOCK_50 St1
@1010 +0
/morse/CLOCK_50 St0
@1011 +0
/morse/CLOCK_50 St1
@1012 +0
/morse/CLOCK_50 St0
@1013 +0
/morse/CLOCK_50 St1
@1014 +0
/morse/CLOCK_50 St0
@1015 +0
/morse/CLOCK_50 St1
@1016 +0
/morse/CLOCK_50 St0
@1017 +0
/morse/CLOCK_50 St1
@1018 +0
/morse/CLOCK_50 St0
@1019 +0
/morse/CLOCK_50 St1
@1020 +0
/morse/CLOCK_50 St0
@1021 +0
/morse/CLOCK_50 St1
@1022 +0
/morse/CLOCK_50 St0
@1023 +0
/morse/CLOCK_50 St1
@1024 +0
/morse/CLOCK_50 St0
@1025 +0
/morse/CLOCK_50 St1
@1026 +0
/morse/CLOCK_50 St0
@1027 +0
/morse/CLOCK_50 St1
@1028 +0
/morse/CLOCK_50 St0
@1029 +0
/morse/CLOCK_50 St1
@1030 +0
/morse/CLOCK_50 St0
@1031 +0
/morse/CLOCK_50 St1
@1032 +0
/morse/CLOCK_50 St0
@1033 +0
/morse/CLOCK_50 St1
@1034 +0
/morse/CLOCK_50 St0
@1035 +0
/morse/CLOCK_50 St1
@1036 +0
/morse/CLOCK_50 St0
@1037 +0
/morse/CLOCK_50 St1
@1038 +0
/morse/CLOCK_50 St0
@1039 +0
/morse/CLOCK_50 St1
@1040 +0
/morse/CLOCK_50 St0
@1041 +0
/morse/CLOCK_50 St1
@1042 +0
/morse/CLOCK_50 St0
@1043 +0
/morse/CLOCK_50 St1
@1044 +0
/morse/CLOCK_50 St0
@1045 +0
/morse/CLOCK_50 St1
@1045 +1
/morse/clock St1
@1046 +0
/morse/CLOCK_50 St0
@1047 +0
/morse/CLOCK_50 St1
@1047 +1
/morse/clock St0
@1048 +0
/morse/CLOCK_50 St0
@1049 +0
/morse/CLOCK_50 St1
@1050 +0
/morse/CLOCK_50 St0
@1051 +0
/morse/CLOCK_50 St1
@1052 +0
/morse/CLOCK_50 St0
@1053 +0
/morse/CLOCK_50 St1
@1054 +0
/morse/CLOCK_50 St0
@1055 +0
/morse/CLOCK_50 St1
@1056 +0
/morse/CLOCK_50 St0
@1057 +0
/morse/CLOCK_50 St1
@1058 +0
/morse/CLOCK_50 St0
@1059 +0
/morse/CLOCK_50 St1
@1060 +0
/morse/CLOCK_50 St0
@1061 +0
/morse/CLOCK_50 St1
@1062 +0
/morse/CLOCK_50 St0
@1063 +0
/morse/CLOCK_50 St1
@1064 +0
/morse/CLOCK_50 St0
@1065 +0
/morse/CLOCK_50 St1
@1066 +0
/morse/CLOCK_50 St0
@1067 +0
/morse/CLOCK_50 St1
@1068 +0
/morse/CLOCK_50 St0
@1069 +0
/morse/CLOCK_50 St1
@1070 +0
/morse/CLOCK_50 St0
@1071 +0
/morse/CLOCK_50 St1
@1072 +0
/morse/CLOCK_50 St0
@1073 +0
/morse/CLOCK_50 St1
@1074 +0
/morse/CLOCK_50 St0
@1075 +0
/morse/CLOCK_50 St1
@1076 +0
/morse/CLOCK_50 St0
@1077 +0
/morse/CLOCK_50 St1
@1078 +0
/morse/CLOCK_50 St0
@1079 +0
/morse/CLOCK_50 St1
@1080 +0
/morse/CLOCK_50 St0
@1081 +0
/morse/CLOCK_50 St1
@1082 +0
/morse/CLOCK_50 St0
@1083 +0
/morse/CLOCK_50 St1
@1084 +0
/morse/CLOCK_50 St0
@1085 +0
/morse/CLOCK_50 St1
@1086 +0
/morse/CLOCK_50 St0
@1087 +0
/morse/CLOCK_50 St1
@1088 +0
/morse/CLOCK_50 St0
@1089 +0
/morse/CLOCK_50 St1
@1090 +0
/morse/CLOCK_50 St0
@1091 +0
/morse/CLOCK_50 St1
@1092 +0
/morse/CLOCK_50 St0
@1093 +0
/morse/CLOCK_50 St1
@1094 +0
/morse/CLOCK_50 St0
@1095 +0
/morse/CLOCK_50 St1
@1096 +0
/morse/CLOCK_50 St0
@1097 +0
/morse/CLOCK_50 St1
@1098 +0
/morse/CLOCK_50 St0
@1099 +0
/morse/CLOCK_50 St1
@1100 +0
/morse/CLOCK_50 St0
/morse/SW zzzzzzz110
@1101 +0
/morse/CLOCK_50 St1
@1102 +0
/morse/CLOCK_50 St0
@1103 +0
/morse/CLOCK_50 St1
@1104 +0
/morse/CLOCK_50 St0
@1105 +0
/morse/CLOCK_50 St1
@1106 +0
/morse/CLOCK_50 St0
@1107 +0
/morse/CLOCK_50 St1
@1108 +0
/morse/CLOCK_50 St0
@1109 +0
/morse/CLOCK_50 St1
@1109 +1
/morse/clock St1
@1110 +0
/morse/CLOCK_50 St0
@1111 +0
/morse/CLOCK_50 St1
@1111 +1
/morse/clock St0
@1112 +0
/morse/CLOCK_50 St0
@1113 +0
/morse/CLOCK_50 St1
@1114 +0
/morse/CLOCK_50 St0
@1115 +0
/morse/CLOCK_50 St1
@1116 +0
/morse/CLOCK_50 St0
@1117 +0
/morse/CLOCK_50 St1
@1118 +0
/morse/CLOCK_50 St0
@1119 +0
/morse/CLOCK_50 St1
@1120 +0
/morse/CLOCK_50 St0
@1121 +0
/morse/CLOCK_50 St1
@1122 +0
/morse/CLOCK_50 St0
@1123 +0
/morse/CLOCK_50 St1
@1124 +0
/morse/CLOCK_50 St0
@1125 +0
/morse/CLOCK_50 St1
@1126 +0
/morse/CLOCK_50 St0
@1127 +0
/morse/CLOCK_50 St1
@1128 +0
/morse/CLOCK_50 St0
@1129 +0
/morse/CLOCK_50 St1
@1130 +0
/morse/CLOCK_50 St0
@1131 +0
/morse/CLOCK_50 St1
@1132 +0
/morse/CLOCK_50 St0
@1133 +0
/morse/CLOCK_50 St1
@1134 +0
/morse/CLOCK_50 St0
@1135 +0
/morse/CLOCK_50 St1
@1136 +0
/morse/CLOCK_50 St0
@1137 +0
/morse/CLOCK_50 St1
@1138 +0
/morse/CLOCK_50 St0
@1139 +0
/morse/CLOCK_50 St1
@1140 +0
/morse/CLOCK_50 St0
@1141 +0
/morse/CLOCK_50 St1
@1142 +0
/morse/CLOCK_50 St0
@1143 +0
/morse/CLOCK_50 St1
@1144 +0
/morse/CLOCK_50 St0
@1145 +0
/morse/CLOCK_50 St1
@1146 +0
/morse/CLOCK_50 St0
@1147 +0
/morse/CLOCK_50 St1
@1148 +0
/morse/CLOCK_50 St0
@1149 +0
/morse/CLOCK_50 St1
@1150 +0
/morse/CLOCK_50 St0
/morse/KEY zz01
@1151 +0
/morse/CLOCK_50 St1
@1152 +0
/morse/CLOCK_50 St0
@1153 +0
/morse/CLOCK_50 St1
@1154 +0
/morse/CLOCK_50 St0
@1155 +0
/morse/CLOCK_50 St1
@1156 +0
/morse/CLOCK_50 St0
@1157 +0
/morse/CLOCK_50 St1
@1158 +0
/morse/CLOCK_50 St0
@1159 +0
/morse/CLOCK_50 St1
@1160 +0
/morse/CLOCK_50 St0
@1161 +0
/morse/CLOCK_50 St1
@1162 +0
/morse/CLOCK_50 St0
@1163 +0
/morse/CLOCK_50 St1
@1164 +0
/morse/CLOCK_50 St0
@1165 +0
/morse/CLOCK_50 St1
@1166 +0
/morse/CLOCK_50 St0
@1167 +0
/morse/CLOCK_50 St1
@1168 +0
/morse/CLOCK_50 St0
@1169 +0
/morse/CLOCK_50 St1
@1170 +0
/morse/CLOCK_50 St0
@1171 +0
/morse/CLOCK_50 St1
@1172 +0
/morse/CLOCK_50 St0
@1173 +0
/morse/CLOCK_50 St1
@1173 +1
/morse/clock St1
@1174 +0
/morse/CLOCK_50 St0
@1175 +0
/morse/CLOCK_50 St1
@1175 +1
/morse/clock St0
@1176 +0
/morse/CLOCK_50 St0
@1177 +0
/morse/CLOCK_50 St1
@1178 +0
/morse/CLOCK_50 St0
@1179 +0
/morse/CLOCK_50 St1
@1180 +0
/morse/CLOCK_50 St0
@1181 +0
/morse/CLOCK_50 St1
@1182 +0
/morse/CLOCK_50 St0
@1183 +0
/morse/CLOCK_50 St1
@1184 +0
/morse/CLOCK_50 St0
@1185 +0
/morse/CLOCK_50 St1
@1186 +0
/morse/CLOCK_50 St0
@1187 +0
/morse/CLOCK_50 St1
@1188 +0
/morse/CLOCK_50 St0
@1189 +0
/morse/CLOCK_50 St1
@1190 +0
/morse/CLOCK_50 St0
@1191 +0
/morse/CLOCK_50 St1
@1192 +0
/morse/CLOCK_50 St0
@1193 +0
/morse/CLOCK_50 St1
@1194 +0
/morse/CLOCK_50 St0
@1195 +0
/morse/CLOCK_50 St1
@1196 +0
/morse/CLOCK_50 St0
@1197 +0
/morse/CLOCK_50 St1
@1198 +0
/morse/CLOCK_50 St0
@1199 +0
/morse/CLOCK_50 St1
@1200 +0
/morse/CLOCK_50 St0
@1201 +0
/morse/CLOCK_50 St1
@1202 +0
/morse/CLOCK_50 St0
@1203 +0
/morse/CLOCK_50 St1
@1204 +0
/morse/CLOCK_50 St0
@1205 +0
/morse/CLOCK_50 St1
@1206 +0
/morse/CLOCK_50 St0
@1207 +0
/morse/CLOCK_50 St1
@1208 +0
/morse/CLOCK_50 St0
@1209 +0
/morse/CLOCK_50 St1
@1210 +0
/morse/CLOCK_50 St0
@1211 +0
/morse/CLOCK_50 St1
@1212 +0
/morse/CLOCK_50 St0
@1213 +0
/morse/CLOCK_50 St1
@1214 +0
/morse/CLOCK_50 St0
@1215 +0
/morse/CLOCK_50 St1
@1216 +0
/morse/CLOCK_50 St0
@1217 +0
/morse/CLOCK_50 St1
@1218 +0
/morse/CLOCK_50 St0
@1219 +0
/morse/CLOCK_50 St1
@1220 +0
/morse/CLOCK_50 St0
@1221 +0
/morse/CLOCK_50 St1
@1222 +0
/morse/CLOCK_50 St0
@1223 +0
/morse/CLOCK_50 St1
@1224 +0
/morse/CLOCK_50 St0
@1225 +0
/morse/CLOCK_50 St1
@1226 +0
/morse/CLOCK_50 St0
@1227 +0
/morse/CLOCK_50 St1
@1228 +0
/morse/CLOCK_50 St0
@1229 +0
/morse/CLOCK_50 St1
@1230 +0
/morse/CLOCK_50 St0
@1231 +0
/morse/CLOCK_50 St1
@1232 +0
/morse/CLOCK_50 St0
@1233 +0
/morse/CLOCK_50 St1
@1234 +0
/morse/CLOCK_50 St0
@1235 +0
/morse/CLOCK_50 St1
@1236 +0
/morse/CLOCK_50 St0
@1237 +0
/morse/CLOCK_50 St1
@1237 +1
/morse/clock St1
@1238 +0
/morse/CLOCK_50 St0
@1239 +0
/morse/CLOCK_50 St1
@1239 +1
/morse/clock St0
@1240 +0
/morse/CLOCK_50 St0
@1241 +0
/morse/CLOCK_50 St1
@1242 +0
/morse/CLOCK_50 St0
@1243 +0
/morse/CLOCK_50 St1
@1244 +0
/morse/CLOCK_50 St0
@1245 +0
/morse/CLOCK_50 St1
@1246 +0
/morse/CLOCK_50 St0
@1247 +0
/morse/CLOCK_50 St1
@1248 +0
/morse/CLOCK_50 St0
@1249 +0
/morse/CLOCK_50 St1
@1250 +0
/morse/CLOCK_50 St0
/morse/KEY zz11
@1251 +0
/morse/CLOCK_50 St1
@1252 +0
/morse/CLOCK_50 St0
@1253 +0
/morse/CLOCK_50 St1
@1254 +0
/morse/CLOCK_50 St0
@1255 +0
/morse/CLOCK_50 St1
@1256 +0
/morse/CLOCK_50 St0
@1257 +0
/morse/CLOCK_50 St1
@1258 +0
/morse/CLOCK_50 St0
@1259 +0
/morse/CLOCK_50 St1
@1260 +0
/morse/CLOCK_50 St0
@1261 +0
/morse/CLOCK_50 St1
@1262 +0
/morse/CLOCK_50 St0
@1263 +0
/morse/CLOCK_50 St1
@1264 +0
/morse/CLOCK_50 St0
@1265 +0
/morse/CLOCK_50 St1
@1266 +0
/morse/CLOCK_50 St0
@1267 +0
/morse/CLOCK_50 St1
@1268 +0
/morse/CLOCK_50 St0
@1269 +0
/morse/CLOCK_50 St1
@1270 +0
/morse/CLOCK_50 St0
@1271 +0
/morse/CLOCK_50 St1
@1272 +0
/morse/CLOCK_50 St0
@1273 +0
/morse/CLOCK_50 St1
@1274 +0
/morse/CLOCK_50 St0
@1275 +0
/morse/CLOCK_50 St1
@1276 +0
/morse/CLOCK_50 St0
@1277 +0
/morse/CLOCK_50 St1
@1278 +0
/morse/CLOCK_50 St0
@1279 +0
/morse/CLOCK_50 St1
@1280 +0
/morse/CLOCK_50 St0
@1281 +0
/morse/CLOCK_50 St1
@1282 +0
/morse/CLOCK_50 St0
@1283 +0
/morse/CLOCK_50 St1
@1284 +0
/morse/CLOCK_50 St0
@1285 +0
/morse/CLOCK_50 St1
@1286 +0
/morse/CLOCK_50 St0
@1287 +0
/morse/CLOCK_50 St1
@1288 +0
/morse/CLOCK_50 St0
@1289 +0
/morse/CLOCK_50 St1
@1290 +0
/morse/CLOCK_50 St0
@1291 +0
/morse/CLOCK_50 St1
@1292 +0
/morse/CLOCK_50 St0
@1293 +0
/morse/CLOCK_50 St1
@1294 +0
/morse/CLOCK_50 St0
@1295 +0
/morse/CLOCK_50 St1
@1296 +0
/morse/CLOCK_50 St0
@1297 +0
/morse/CLOCK_50 St1
@1298 +0
/morse/CLOCK_50 St0
@1299 +0
/morse/CLOCK_50 St1
@1300 +0
/morse/CLOCK_50 St0
@1301 +0
/morse/CLOCK_50 St1
@1301 +1
/morse/clock St1
@1301 +2
/morse/LEDR zzzzzzzzz1
@1302 +0
/morse/CLOCK_50 St0
@1303 +0
/morse/CLOCK_50 St1
@1303 +1
/morse/clock St0
@1304 +0
/morse/CLOCK_50 St0
@1305 +0
/morse/CLOCK_50 St1
@1306 +0
/morse/CLOCK_50 St0
@1307 +0
/morse/CLOCK_50 St1
@1308 +0
/morse/CLOCK_50 St0
@1309 +0
/morse/CLOCK_50 St1
@1310 +0
/morse/CLOCK_50 St0
@1311 +0
/morse/CLOCK_50 St1
@1312 +0
/morse/CLOCK_50 St0
@1313 +0
/morse/CLOCK_50 St1
@1314 +0
/morse/CLOCK_50 St0
@1315 +0
/morse/CLOCK_50 St1
@1316 +0
/morse/CLOCK_50 St0
@1317 +0
/morse/CLOCK_50 St1
@1318 +0
/morse/CLOCK_50 St0
@1319 +0
/morse/CLOCK_50 St1
@1320 +0
/morse/CLOCK_50 St0
@1321 +0
/morse/CLOCK_50 St1
@1322 +0
/morse/CLOCK_50 St0
@1323 +0
/morse/CLOCK_50 St1
@1324 +0
/morse/CLOCK_50 St0
@1325 +0
/morse/CLOCK_50 St1
@1326 +0
/morse/CLOCK_50 St0
@1327 +0
/morse/CLOCK_50 St1
@1328 +0
/morse/CLOCK_50 St0
@1329 +0
/morse/CLOCK_50 St1
@1330 +0
/morse/CLOCK_50 St0
@1331 +0
/morse/CLOCK_50 St1
@1332 +0
/morse/CLOCK_50 St0
@1333 +0
/morse/CLOCK_50 St1
@1334 +0
/morse/CLOCK_50 St0
@1335 +0
/morse/CLOCK_50 St1
@1336 +0
/morse/CLOCK_50 St0
@1337 +0
/morse/CLOCK_50 St1
@1338 +0
/morse/CLOCK_50 St0
@1339 +0
/morse/CLOCK_50 St1
@1340 +0
/morse/CLOCK_50 St0
@1341 +0
/morse/CLOCK_50 St1
@1342 +0
/morse/CLOCK_50 St0
@1343 +0
/morse/CLOCK_50 St1
@1344 +0
/morse/CLOCK_50 St0
@1345 +0
/morse/CLOCK_50 St1
@1346 +0
/morse/CLOCK_50 St0
@1347 +0
/morse/CLOCK_50 St1
@1348 +0
/morse/CLOCK_50 St0
@1349 +0
/morse/CLOCK_50 St1
@1350 +0
/morse/CLOCK_50 St0
@1351 +0
/morse/CLOCK_50 St1
@1352 +0
/morse/CLOCK_50 St0
@1353 +0
/morse/CLOCK_50 St1
@1354 +0
/morse/CLOCK_50 St0
@1355 +0
/morse/CLOCK_50 St1
@1356 +0
/morse/CLOCK_50 St0
@1357 +0
/morse/CLOCK_50 St1
@1358 +0
/morse/CLOCK_50 St0
@1359 +0
/morse/CLOCK_50 St1
@1360 +0
/morse/CLOCK_50 St0
@1361 +0
/morse/CLOCK_50 St1
@1362 +0
/morse/CLOCK_50 St0
@1363 +0
/morse/CLOCK_50 St1
@1364 +0
/morse/CLOCK_50 St0
@1365 +0
/morse/CLOCK_50 St1
@1365 +1
/morse/clock St1
@1366 +0
/morse/CLOCK_50 St0
@1367 +0
/morse/CLOCK_50 St1
@1367 +1
/morse/clock St0
@1368 +0
/morse/CLOCK_50 St0
@1369 +0
/morse/CLOCK_50 St1
@1370 +0
/morse/CLOCK_50 St0
@1371 +0
/morse/CLOCK_50 St1
@1372 +0
/morse/CLOCK_50 St0
@1373 +0
/morse/CLOCK_50 St1
@1374 +0
/morse/CLOCK_50 St0
@1375 +0
/morse/CLOCK_50 St1
@1376 +0
/morse/CLOCK_50 St0
@1377 +0
/morse/CLOCK_50 St1
@1378 +0
/morse/CLOCK_50 St0
@1379 +0
/morse/CLOCK_50 St1
@1380 +0
/morse/CLOCK_50 St0
@1381 +0
/morse/CLOCK_50 St1
@1382 +0
/morse/CLOCK_50 St0
@1383 +0
/morse/CLOCK_50 St1
@1384 +0
/morse/CLOCK_50 St0
@1385 +0
/morse/CLOCK_50 St1
@1386 +0
/morse/CLOCK_50 St0
@1387 +0
/morse/CLOCK_50 St1
@1388 +0
/morse/CLOCK_50 St0
@1389 +0
/morse/CLOCK_50 St1
@1390 +0
/morse/CLOCK_50 St0
@1391 +0
/morse/CLOCK_50 St1
@1392 +0
/morse/CLOCK_50 St0
@1393 +0
/morse/CLOCK_50 St1
@1394 +0
/morse/CLOCK_50 St0
@1395 +0
/morse/CLOCK_50 St1
@1396 +0
/morse/CLOCK_50 St0
@1397 +0
/morse/CLOCK_50 St1
@1398 +0
/morse/CLOCK_50 St0
@1399 +0
/morse/CLOCK_50 St1
@1400 +0
/morse/CLOCK_50 St0
@1401 +0
/morse/CLOCK_50 St1
@1402 +0
/morse/CLOCK_50 St0
@1403 +0
/morse/CLOCK_50 St1
@1404 +0
/morse/CLOCK_50 St0
@1405 +0
/morse/CLOCK_50 St1
@1406 +0
/morse/CLOCK_50 St0
@1407 +0
/morse/CLOCK_50 St1
@1408 +0
/morse/CLOCK_50 St0
@1409 +0
/morse/CLOCK_50 St1
@1410 +0
/morse/CLOCK_50 St0
@1411 +0
/morse/CLOCK_50 St1
@1412 +0
/morse/CLOCK_50 St0
@1413 +0
/morse/CLOCK_50 St1
@1414 +0
/morse/CLOCK_50 St0
@1415 +0
/morse/CLOCK_50 St1
@1416 +0
/morse/CLOCK_50 St0
@1417 +0
/morse/CLOCK_50 St1
@1418 +0
/morse/CLOCK_50 St0
@1419 +0
/morse/CLOCK_50 St1
@1420 +0
/morse/CLOCK_50 St0
@1421 +0
/morse/CLOCK_50 St1
@1422 +0
/morse/CLOCK_50 St0
@1423 +0
/morse/CLOCK_50 St1
@1424 +0
/morse/CLOCK_50 St0
@1425 +0
/morse/CLOCK_50 St1
@1426 +0
/morse/CLOCK_50 St0
@1427 +0
/morse/CLOCK_50 St1
@1428 +0
/morse/CLOCK_50 St0
@1429 +0
/morse/CLOCK_50 St1
@1429 +1
/morse/clock St1
@1430 +0
/morse/CLOCK_50 St0
@1431 +0
/morse/CLOCK_50 St1
@1431 +1
/morse/clock St0
@1432 +0
/morse/CLOCK_50 St0
@1433 +0
/morse/CLOCK_50 St1
@1434 +0
/morse/CLOCK_50 St0
@1435 +0
/morse/CLOCK_50 St1
@1436 +0
/morse/CLOCK_50 St0
@1437 +0
/morse/CLOCK_50 St1
@1438 +0
/morse/CLOCK_50 St0
@1439 +0
/morse/CLOCK_50 St1
@1440 +0
/morse/CLOCK_50 St0
@1441 +0
/morse/CLOCK_50 St1
@1442 +0
/morse/CLOCK_50 St0
@1443 +0
/morse/CLOCK_50 St1
@1444 +0
/morse/CLOCK_50 St0
@1445 +0
/morse/CLOCK_50 St1
@1446 +0
/morse/CLOCK_50 St0
@1447 +0
/morse/CLOCK_50 St1
@1448 +0
/morse/CLOCK_50 St0
@1449 +0
/morse/CLOCK_50 St1
@1450 +0
/morse/CLOCK_50 St0
@1451 +0
/morse/CLOCK_50 St1
@1452 +0
/morse/CLOCK_50 St0
@1453 +0
/morse/CLOCK_50 St1
@1454 +0
/morse/CLOCK_50 St0
@1455 +0
/morse/CLOCK_50 St1
@1456 +0
/morse/CLOCK_50 St0
@1457 +0
/morse/CLOCK_50 St1
@1458 +0
/morse/CLOCK_50 St0
@1459 +0
/morse/CLOCK_50 St1
@1460 +0
/morse/CLOCK_50 St0
@1461 +0
/morse/CLOCK_50 St1
@1462 +0
/morse/CLOCK_50 St0
@1463 +0
/morse/CLOCK_50 St1
@1464 +0
/morse/CLOCK_50 St0
@1465 +0
/morse/CLOCK_50 St1
@1466 +0
/morse/CLOCK_50 St0
@1467 +0
/morse/CLOCK_50 St1
@1468 +0
/morse/CLOCK_50 St0
@1469 +0
/morse/CLOCK_50 St1
@1470 +0
/morse/CLOCK_50 St0
@1471 +0
/morse/CLOCK_50 St1
@1472 +0
/morse/CLOCK_50 St0
@1473 +0
/morse/CLOCK_50 St1
@1474 +0
/morse/CLOCK_50 St0
@1475 +0
/morse/CLOCK_50 St1
@1476 +0
/morse/CLOCK_50 St0
@1477 +0
/morse/CLOCK_50 St1
@1478 +0
/morse/CLOCK_50 St0
@1479 +0
/morse/CLOCK_50 St1
@1480 +0
/morse/CLOCK_50 St0
@1481 +0
/morse/CLOCK_50 St1
@1482 +0
/morse/CLOCK_50 St0
@1483 +0
/morse/CLOCK_50 St1
@1484 +0
/morse/CLOCK_50 St0
@1485 +0
/morse/CLOCK_50 St1
@1486 +0
/morse/CLOCK_50 St0
@1487 +0
/morse/CLOCK_50 St1
@1488 +0
/morse/CLOCK_50 St0
@1489 +0
/morse/CLOCK_50 St1
@1490 +0
/morse/CLOCK_50 St0
@1491 +0
/morse/CLOCK_50 St1
@1492 +0
/morse/CLOCK_50 St0
@1493 +0
/morse/CLOCK_50 St1
@1493 +1
/morse/clock St1
@1493 +2
/morse/LEDR zzzzzzzzz0
@1494 +0
/morse/CLOCK_50 St0
@1495 +0
/morse/CLOCK_50 St1
@1495 +1
/morse/clock St0
@1496 +0
/morse/CLOCK_50 St0
@1497 +0
/morse/CLOCK_50 St1
@1498 +0
/morse/CLOCK_50 St0
@1499 +0
/morse/CLOCK_50 St1
@1500 +0
/morse/CLOCK_50 St0
@1501 +0
/morse/CLOCK_50 St1
@1502 +0
/morse/CLOCK_50 St0
@1503 +0
/morse/CLOCK_50 St1
@1504 +0
/morse/CLOCK_50 St0
@1505 +0
/morse/CLOCK_50 St1
@1506 +0
/morse/CLOCK_50 St0
@1507 +0
/morse/CLOCK_50 St1
@1508 +0
/morse/CLOCK_50 St0
@1509 +0
/morse/CLOCK_50 St1
@1510 +0
/morse/CLOCK_50 St0
@1511 +0
/morse/CLOCK_50 St1
@1512 +0
/morse/CLOCK_50 St0
@1513 +0
/morse/CLOCK_50 St1
@1514 +0
/morse/CLOCK_50 St0
@1515 +0
/morse/CLOCK_50 St1
@1516 +0
/morse/CLOCK_50 St0
@1517 +0
/morse/CLOCK_50 St1
@1518 +0
/morse/CLOCK_50 St0
@1519 +0
/morse/CLOCK_50 St1
@1520 +0
/morse/CLOCK_50 St0
@1521 +0
/morse/CLOCK_50 St1
@1522 +0
/morse/CLOCK_50 St0
@1523 +0
/morse/CLOCK_50 St1
@1524 +0
/morse/CLOCK_50 St0
@1525 +0
/morse/CLOCK_50 St1
@1526 +0
/morse/CLOCK_50 St0
@1527 +0
/morse/CLOCK_50 St1
@1528 +0
/morse/CLOCK_50 St0
@1529 +0
/morse/CLOCK_50 St1
@1530 +0
/morse/CLOCK_50 St0
@1531 +0
/morse/CLOCK_50 St1
@1532 +0
/morse/CLOCK_50 St0
@1533 +0
/morse/CLOCK_50 St1
@1534 +0
/morse/CLOCK_50 St0
@1535 +0
/morse/CLOCK_50 St1
@1536 +0
/morse/CLOCK_50 St0
@1537 +0
/morse/CLOCK_50 St1
@1538 +0
/morse/CLOCK_50 St0
@1539 +0
/morse/CLOCK_50 St1
@1540 +0
/morse/CLOCK_50 St0
@1541 +0
/morse/CLOCK_50 St1
@1542 +0
/morse/CLOCK_50 St0
@1543 +0
/morse/CLOCK_50 St1
@1544 +0
/morse/CLOCK_50 St0
@1545 +0
/morse/CLOCK_50 St1
@1546 +0
/morse/CLOCK_50 St0
@1547 +0
/morse/CLOCK_50 St1
@1548 +0
/morse/CLOCK_50 St0
@1549 +0
/morse/CLOCK_50 St1
@1550 +0
/morse/CLOCK_50 St0
@1551 +0
/morse/CLOCK_50 St1
@1552 +0
/morse/CLOCK_50 St0
@1553 +0
/morse/CLOCK_50 St1
@1554 +0
/morse/CLOCK_50 St0
@1555 +0
/morse/CLOCK_50 St1
@1556 +0
/morse/CLOCK_50 St0
@1557 +0
/morse/CLOCK_50 St1
@1557 +1
/morse/clock St1
@1557 +2
/morse/LEDR zzzzzzzzz1
@1558 +0
/morse/CLOCK_50 St0
@1559 +0
/morse/CLOCK_50 St1
@1559 +1
/morse/clock St0
@1560 +0
/morse/CLOCK_50 St0
@1561 +0
/morse/CLOCK_50 St1
@1562 +0
/morse/CLOCK_50 St0
@1563 +0
/morse/CLOCK_50 St1
@1564 +0
/morse/CLOCK_50 St0
@1565 +0
/morse/CLOCK_50 St1
@1566 +0
/morse/CLOCK_50 St0
@1567 +0
/morse/CLOCK_50 St1
@1568 +0
/morse/CLOCK_50 St0
@1569 +0
/morse/CLOCK_50 St1
@1570 +0
/morse/CLOCK_50 St0
@1571 +0
/morse/CLOCK_50 St1
@1572 +0
/morse/CLOCK_50 St0
@1573 +0
/morse/CLOCK_50 St1
@1574 +0
/morse/CLOCK_50 St0
@1575 +0
/morse/CLOCK_50 St1
@1576 +0
/morse/CLOCK_50 St0
@1577 +0
/morse/CLOCK_50 St1
@1578 +0
/morse/CLOCK_50 St0
@1579 +0
/morse/CLOCK_50 St1
@1580 +0
/morse/CLOCK_50 St0
@1581 +0
/morse/CLOCK_50 St1
@1582 +0
/morse/CLOCK_50 St0
@1583 +0
/morse/CLOCK_50 St1
@1584 +0
/morse/CLOCK_50 St0
@1585 +0
/morse/CLOCK_50 St1
@1586 +0
/morse/CLOCK_50 St0
@1587 +0
/morse/CLOCK_50 St1
@1588 +0
/morse/CLOCK_50 St0
@1589 +0
/morse/CLOCK_50 St1
@1590 +0
/morse/CLOCK_50 St0
@1591 +0
/morse/CLOCK_50 St1
@1592 +0
/morse/CLOCK_50 St0
@1593 +0
/morse/CLOCK_50 St1
@1594 +0
/morse/CLOCK_50 St0
@1595 +0
/morse/CLOCK_50 St1
@1596 +0
/morse/CLOCK_50 St0
@1597 +0
/morse/CLOCK_50 St1
@1598 +0
/morse/CLOCK_50 St0
@1599 +0
/morse/CLOCK_50 St1
@1600 +0
/morse/CLOCK_50 St0
@1601 +0
/morse/CLOCK_50 St1
@1602 +0
/morse/CLOCK_50 St0
@1603 +0
/morse/CLOCK_50 St1
@1604 +0
/morse/CLOCK_50 St0
@1605 +0
/morse/CLOCK_50 St1
@1606 +0
/morse/CLOCK_50 St0
@1607 +0
/morse/CLOCK_50 St1
@1608 +0
/morse/CLOCK_50 St0
@1609 +0
/morse/CLOCK_50 St1
@1610 +0
/morse/CLOCK_50 St0
@1611 +0
/morse/CLOCK_50 St1
@1612 +0
/morse/CLOCK_50 St0
@1613 +0
/morse/CLOCK_50 St1
@1614 +0
/morse/CLOCK_50 St0
@1615 +0
/morse/CLOCK_50 St1
@1616 +0
/morse/CLOCK_50 St0
@1617 +0
/morse/CLOCK_50 St1
@1618 +0
/morse/CLOCK_50 St0
@1619 +0
/morse/CLOCK_50 St1
@1620 +0
/morse/CLOCK_50 St0
@1621 +0
/morse/CLOCK_50 St1
@1621 +1
/morse/clock St1
@1621 +2
/morse/LEDR zzzzzzzzz0
@1622 +0
/morse/CLOCK_50 St0
@1623 +0
/morse/CLOCK_50 St1
@1623 +1
/morse/clock St0
@1624 +0
/morse/CLOCK_50 St0
@1625 +0
/morse/CLOCK_50 St1
@1626 +0
/morse/CLOCK_50 St0
@1627 +0
/morse/CLOCK_50 St1
@1628 +0
/morse/CLOCK_50 St0
@1629 +0
/morse/CLOCK_50 St1
@1630 +0
/morse/CLOCK_50 St0
@1631 +0
/morse/CLOCK_50 St1
@1632 +0
/morse/CLOCK_50 St0
@1633 +0
/morse/CLOCK_50 St1
@1634 +0
/morse/CLOCK_50 St0
@1635 +0
/morse/CLOCK_50 St1
@1636 +0
/morse/CLOCK_50 St0
@1637 +0
/morse/CLOCK_50 St1
@1638 +0
/morse/CLOCK_50 St0
@1639 +0
/morse/CLOCK_50 St1
@1640 +0
/morse/CLOCK_50 St0
@1641 +0
/morse/CLOCK_50 St1
@1642 +0
/morse/CLOCK_50 St0
@1643 +0
/morse/CLOCK_50 St1
@1644 +0
/morse/CLOCK_50 St0
@1645 +0
/morse/CLOCK_50 St1
@1646 +0
/morse/CLOCK_50 St0
@1647 +0
/morse/CLOCK_50 St1
@1648 +0
/morse/CLOCK_50 St0
@1649 +0
/morse/CLOCK_50 St1
@1650 +0
/morse/CLOCK_50 St0
@1651 +0
/morse/CLOCK_50 St1
@1652 +0
/morse/CLOCK_50 St0
@1653 +0
/morse/CLOCK_50 St1
@1654 +0
/morse/CLOCK_50 St0
@1655 +0
/morse/CLOCK_50 St1
@1656 +0
/morse/CLOCK_50 St0
@1657 +0
/morse/CLOCK_50 St1
@1658 +0
/morse/CLOCK_50 St0
@1659 +0
/morse/CLOCK_50 St1
@1660 +0
/morse/CLOCK_50 St0
@1661 +0
/morse/CLOCK_50 St1
@1662 +0
/morse/CLOCK_50 St0
@1663 +0
/morse/CLOCK_50 St1
@1664 +0
/morse/CLOCK_50 St0
@1665 +0
/morse/CLOCK_50 St1
@1666 +0
/morse/CLOCK_50 St0
@1667 +0
/morse/CLOCK_50 St1
@1668 +0
/morse/CLOCK_50 St0
@1669 +0
/morse/CLOCK_50 St1
@1670 +0
/morse/CLOCK_50 St0
@1671 +0
/morse/CLOCK_50 St1
@1672 +0
/morse/CLOCK_50 St0
@1673 +0
/morse/CLOCK_50 St1
@1674 +0
/morse/CLOCK_50 St0
@1675 +0
/morse/CLOCK_50 St1
@1676 +0
/morse/CLOCK_50 St0
@1677 +0
/morse/CLOCK_50 St1
@1678 +0
/morse/CLOCK_50 St0
@1679 +0
/morse/CLOCK_50 St1
@1680 +0
/morse/CLOCK_50 St0
@1681 +0
/morse/CLOCK_50 St1
@1682 +0
/morse/CLOCK_50 St0
@1683 +0
/morse/CLOCK_50 St1
@1684 +0
/morse/CLOCK_50 St0
@1685 +0
/morse/CLOCK_50 St1
@1685 +1
/morse/clock St1
@1685 +2
/morse/LEDR zzzzzzzzz1
@1686 +0
/morse/CLOCK_50 St0
@1687 +0
/morse/CLOCK_50 St1
@1687 +1
/morse/clock St0
@1688 +0
/morse/CLOCK_50 St0
@1689 +0
/morse/CLOCK_50 St1
@1690 +0
/morse/CLOCK_50 St0
@1691 +0
/morse/CLOCK_50 St1
@1692 +0
/morse/CLOCK_50 St0
@1693 +0
/morse/CLOCK_50 St1
@1694 +0
/morse/CLOCK_50 St0
@1695 +0
/morse/CLOCK_50 St1
@1696 +0
/morse/CLOCK_50 St0
@1697 +0
/morse/CLOCK_50 St1
@1698 +0
/morse/CLOCK_50 St0
@1699 +0
/morse/CLOCK_50 St1
@1700 +0
/morse/CLOCK_50 St0
@1701 +0
/morse/CLOCK_50 St1
@1702 +0
/morse/CLOCK_50 St0
@1703 +0
/morse/CLOCK_50 St1
@1704 +0
/morse/CLOCK_50 St0
@1705 +0
/morse/CLOCK_50 St1
@1706 +0
/morse/CLOCK_50 St0
@1707 +0
/morse/CLOCK_50 St1
@1708 +0
/morse/CLOCK_50 St0
@1709 +0
/morse/CLOCK_50 St1
@1710 +0
/morse/CLOCK_50 St0
@1711 +0
/morse/CLOCK_50 St1
@1712 +0
/morse/CLOCK_50 St0
@1713 +0
/morse/CLOCK_50 St1
@1714 +0
/morse/CLOCK_50 St0
@1715 +0
/morse/CLOCK_50 St1
@1716 +0
/morse/CLOCK_50 St0
@1717 +0
/morse/CLOCK_50 St1
@1718 +0
/morse/CLOCK_50 St0
@1719 +0
/morse/CLOCK_50 St1
@1720 +0
/morse/CLOCK_50 St0
@1721 +0
/morse/CLOCK_50 St1
@1722 +0
/morse/CLOCK_50 St0
@1723 +0
/morse/CLOCK_50 St1
@1724 +0
/morse/CLOCK_50 St0
@1725 +0
/morse/CLOCK_50 St1
@1726 +0
/morse/CLOCK_50 St0
@1727 +0
/morse/CLOCK_50 St1
@1728 +0
/morse/CLOCK_50 St0
@1729 +0
/morse/CLOCK_50 St1
@1730 +0
/morse/CLOCK_50 St0
@1731 +0
/morse/CLOCK_50 St1
@1732 +0
/morse/CLOCK_50 St0
@1733 +0
/morse/CLOCK_50 St1
@1734 +0
/morse/CLOCK_50 St0
@1735 +0
/morse/CLOCK_50 St1
@1736 +0
/morse/CLOCK_50 St0
@1737 +0
/morse/CLOCK_50 St1
@1738 +0
/morse/CLOCK_50 St0
@1739 +0
/morse/CLOCK_50 St1
@1740 +0
/morse/CLOCK_50 St0
@1741 +0
/morse/CLOCK_50 St1
@1742 +0
/morse/CLOCK_50 St0
@1743 +0
/morse/CLOCK_50 St1
@1744 +0
/morse/CLOCK_50 St0
@1745 +0
/morse/CLOCK_50 St1
@1746 +0
/morse/CLOCK_50 St0
@1747 +0
/morse/CLOCK_50 St1
@1748 +0
/morse/CLOCK_50 St0
@1749 +0
/morse/CLOCK_50 St1
@1749 +1
/morse/clock St1
@1750 +0
/morse/CLOCK_50 St0
@1751 +0
/morse/CLOCK_50 St1
@1751 +1
/morse/clock St0
@1752 +0
/morse/CLOCK_50 St0
@1753 +0
/morse/CLOCK_50 St1
@1754 +0
/morse/CLOCK_50 St0
@1755 +0
/morse/CLOCK_50 St1
@1756 +0
/morse/CLOCK_50 St0
@1757 +0
/morse/CLOCK_50 St1
@1758 +0
/morse/CLOCK_50 St0
@1759 +0
/morse/CLOCK_50 St1
@1760 +0
/morse/CLOCK_50 St0
@1761 +0
/morse/CLOCK_50 St1
@1762 +0
/morse/CLOCK_50 St0
@1763 +0
/morse/CLOCK_50 St1
@1764 +0
/morse/CLOCK_50 St0
@1765 +0
/morse/CLOCK_50 St1
@1766 +0
/morse/CLOCK_50 St0
@1767 +0
/morse/CLOCK_50 St1
@1768 +0
/morse/CLOCK_50 St0
@1769 +0
/morse/CLOCK_50 St1
@1770 +0
/morse/CLOCK_50 St0
@1771 +0
/morse/CLOCK_50 St1
@1772 +0
/morse/CLOCK_50 St0
@1773 +0
/morse/CLOCK_50 St1
@1774 +0
/morse/CLOCK_50 St0
@1775 +0
/morse/CLOCK_50 St1
@1776 +0
/morse/CLOCK_50 St0
@1777 +0
/morse/CLOCK_50 St1
@1778 +0
/morse/CLOCK_50 St0
@1779 +0
/morse/CLOCK_50 St1
@1780 +0
/morse/CLOCK_50 St0
@1781 +0
/morse/CLOCK_50 St1
@1782 +0
/morse/CLOCK_50 St0
@1783 +0
/morse/CLOCK_50 St1
@1784 +0
/morse/CLOCK_50 St0
@1785 +0
/morse/CLOCK_50 St1
@1786 +0
/morse/CLOCK_50 St0
@1787 +0
/morse/CLOCK_50 St1
@1788 +0
/morse/CLOCK_50 St0
@1789 +0
/morse/CLOCK_50 St1
@1790 +0
/morse/CLOCK_50 St0
@1791 +0
/morse/CLOCK_50 St1
@1792 +0
/morse/CLOCK_50 St0
@1793 +0
/morse/CLOCK_50 St1
@1794 +0
/morse/CLOCK_50 St0
@1795 +0
/morse/CLOCK_50 St1
@1796 +0
/morse/CLOCK_50 St0
@1797 +0
/morse/CLOCK_50 St1
@1798 +0
/morse/CLOCK_50 St0
@1799 +0
/morse/CLOCK_50 St1
@1800 +0
/morse/CLOCK_50 St0
@1801 +0
/morse/CLOCK_50 St1
@1802 +0
/morse/CLOCK_50 St0
@1803 +0
/morse/CLOCK_50 St1
@1804 +0
/morse/CLOCK_50 St0
@1805 +0
/morse/CLOCK_50 St1
@1806 +0
/morse/CLOCK_50 St0
@1807 +0
/morse/CLOCK_50 St1
@1808 +0
/morse/CLOCK_50 St0
@1809 +0
/morse/CLOCK_50 St1
@1810 +0
/morse/CLOCK_50 St0
@1811 +0
/morse/CLOCK_50 St1
@1812 +0
/morse/CLOCK_50 St0
@1813 +0
/morse/CLOCK_50 St1
@1813 +1
/morse/clock St1
@1814 +0
/morse/CLOCK_50 St0
@1815 +0
/morse/CLOCK_50 St1
@1815 +1
/morse/clock St0
@1816 +0
/morse/CLOCK_50 St0
@1817 +0
/morse/CLOCK_50 St1
@1818 +0
/morse/CLOCK_50 St0
@1819 +0
/morse/CLOCK_50 St1
@1820 +0
/morse/CLOCK_50 St0
@1821 +0
/morse/CLOCK_50 St1
@1822 +0
/morse/CLOCK_50 St0
@1823 +0
/morse/CLOCK_50 St1
@1824 +0
/morse/CLOCK_50 St0
@1825 +0
/morse/CLOCK_50 St1
@1826 +0
/morse/CLOCK_50 St0
@1827 +0
/morse/CLOCK_50 St1
@1828 +0
/morse/CLOCK_50 St0
@1829 +0
/morse/CLOCK_50 St1
@1830 +0
/morse/CLOCK_50 St0
@1831 +0
/morse/CLOCK_50 St1
@1832 +0
/morse/CLOCK_50 St0
@1833 +0
/morse/CLOCK_50 St1
@1834 +0
/morse/CLOCK_50 St0
@1835 +0
/morse/CLOCK_50 St1
@1836 +0
/morse/CLOCK_50 St0
@1837 +0
/morse/CLOCK_50 St1
@1838 +0
/morse/CLOCK_50 St0
@1839 +0
/morse/CLOCK_50 St1
@1840 +0
/morse/CLOCK_50 St0
@1841 +0
/morse/CLOCK_50 St1
@1842 +0
/morse/CLOCK_50 St0
@1843 +0
/morse/CLOCK_50 St1
@1844 +0
/morse/CLOCK_50 St0
@1845 +0
/morse/CLOCK_50 St1
@1846 +0
/morse/CLOCK_50 St0
@1847 +0
/morse/CLOCK_50 St1
@1848 +0
/morse/CLOCK_50 St0
@1849 +0
/morse/CLOCK_50 St1
@1850 +0
/morse/CLOCK_50 St0
@1851 +0
/morse/CLOCK_50 St1
@1852 +0
/morse/CLOCK_50 St0
@1853 +0
/morse/CLOCK_50 St1
@1854 +0
/morse/CLOCK_50 St0
@1855 +0
/morse/CLOCK_50 St1
@1856 +0
/morse/CLOCK_50 St0
@1857 +0
/morse/CLOCK_50 St1
@1858 +0
/morse/CLOCK_50 St0
@1859 +0
/morse/CLOCK_50 St1
@1860 +0
/morse/CLOCK_50 St0
@1861 +0
/morse/CLOCK_50 St1
@1862 +0
/morse/CLOCK_50 St0
@1863 +0
/morse/CLOCK_50 St1
@1864 +0
/morse/CLOCK_50 St0
@1865 +0
/morse/CLOCK_50 St1
@1866 +0
/morse/CLOCK_50 St0
@1867 +0
/morse/CLOCK_50 St1
@1868 +0
/morse/CLOCK_50 St0
@1869 +0
/morse/CLOCK_50 St1
@1870 +0
/morse/CLOCK_50 St0
@1871 +0
/morse/CLOCK_50 St1
@1872 +0
/morse/CLOCK_50 St0
@1873 +0
/morse/CLOCK_50 St1
@1874 +0
/morse/CLOCK_50 St0
@1875 +0
/morse/CLOCK_50 St1
@1876 +0
/morse/CLOCK_50 St0
@1877 +0
/morse/CLOCK_50 St1
@1877 +1
/morse/clock St1
@1877 +2
/morse/LEDR zzzzzzzzz0
@1878 +0
/morse/CLOCK_50 St0
@1879 +0
/morse/CLOCK_50 St1
@1879 +1
/morse/clock St0
@1880 +0
/morse/CLOCK_50 St0
@1881 +0
/morse/CLOCK_50 St1
@1882 +0
/morse/CLOCK_50 St0
@1883 +0
/morse/CLOCK_50 St1
@1884 +0
/morse/CLOCK_50 St0
@1885 +0
/morse/CLOCK_50 St1
@1886 +0
/morse/CLOCK_50 St0
@1887 +0
/morse/CLOCK_50 St1
@1888 +0
/morse/CLOCK_50 St0
@1889 +0
/morse/CLOCK_50 St1
@1890 +0
/morse/CLOCK_50 St0
@1891 +0
/morse/CLOCK_50 St1
@1892 +0
/morse/CLOCK_50 St0
@1893 +0
/morse/CLOCK_50 St1
@1894 +0
/morse/CLOCK_50 St0
@1895 +0
/morse/CLOCK_50 St1
@1896 +0
/morse/CLOCK_50 St0
@1897 +0
/morse/CLOCK_50 St1
@1898 +0
/morse/CLOCK_50 St0
@1899 +0
/morse/CLOCK_50 St1
@1900 +0
/morse/CLOCK_50 St0
@1901 +0
/morse/CLOCK_50 St1
@1902 +0
/morse/CLOCK_50 St0
@1903 +0
/morse/CLOCK_50 St1
@1904 +0
/morse/CLOCK_50 St0
@1905 +0
/morse/CLOCK_50 St1
@1906 +0
/morse/CLOCK_50 St0
@1907 +0
/morse/CLOCK_50 St1
@1908 +0
/morse/CLOCK_50 St0
@1909 +0
/morse/CLOCK_50 St1
@1910 +0
/morse/CLOCK_50 St0
@1911 +0
/morse/CLOCK_50 St1
@1912 +0
/morse/CLOCK_50 St0
@1913 +0
/morse/CLOCK_50 St1
@1914 +0
/morse/CLOCK_50 St0
@1915 +0
/morse/CLOCK_50 St1
@1916 +0
/morse/CLOCK_50 St0
@1917 +0
/morse/CLOCK_50 St1
@1918 +0
/morse/CLOCK_50 St0
@1919 +0
/morse/CLOCK_50 St1
@1920 +0
/morse/CLOCK_50 St0
@1921 +0
/morse/CLOCK_50 St1
@1922 +0
/morse/CLOCK_50 St0
@1923 +0
/morse/CLOCK_50 St1
@1924 +0
/morse/CLOCK_50 St0
@1925 +0
/morse/CLOCK_50 St1
@1926 +0
/morse/CLOCK_50 St0
@1927 +0
/morse/CLOCK_50 St1
@1928 +0
/morse/CLOCK_50 St0
@1929 +0
/morse/CLOCK_50 St1
@1930 +0
/morse/CLOCK_50 St0
@1931 +0
/morse/CLOCK_50 St1
@1932 +0
/morse/CLOCK_50 St0
@1933 +0
/morse/CLOCK_50 St1
@1934 +0
/morse/CLOCK_50 St0
@1935 +0
/morse/CLOCK_50 St1
@1936 +0
/morse/CLOCK_50 St0
@1937 +0
/morse/CLOCK_50 St1
@1938 +0
/morse/CLOCK_50 St0
@1939 +0
/morse/CLOCK_50 St1
@1940 +0
/morse/CLOCK_50 St0
@1941 +0
/morse/CLOCK_50 St1
@1941 +1
/morse/clock St1
@1941 +2
/morse/LEDR zzzzzzzzz1
@1942 +0
/morse/CLOCK_50 St0
@1943 +0
/morse/CLOCK_50 St1
@1943 +1
/morse/clock St0
@1944 +0
/morse/CLOCK_50 St0
@1945 +0
/morse/CLOCK_50 St1
@1946 +0
/morse/CLOCK_50 St0
@1947 +0
/morse/CLOCK_50 St1
@1948 +0
/morse/CLOCK_50 St0
@1949 +0
/morse/CLOCK_50 St1
@1950 +0
/morse/CLOCK_50 St0
@1951 +0
/morse/CLOCK_50 St1
@1952 +0
/morse/CLOCK_50 St0
@1953 +0
/morse/CLOCK_50 St1
@1954 +0
/morse/CLOCK_50 St0
@1955 +0
/morse/CLOCK_50 St1
@1956 +0
/morse/CLOCK_50 St0
@1957 +0
/morse/CLOCK_50 St1
@1958 +0
/morse/CLOCK_50 St0
@1959 +0
/morse/CLOCK_50 St1
@1960 +0
/morse/CLOCK_50 St0
@1961 +0
/morse/CLOCK_50 St1
@1962 +0
/morse/CLOCK_50 St0
@1963 +0
/morse/CLOCK_50 St1
@1964 +0
/morse/CLOCK_50 St0
@1965 +0
/morse/CLOCK_50 St1
@1966 +0
/morse/CLOCK_50 St0
@1967 +0
/morse/CLOCK_50 St1
@1968 +0
/morse/CLOCK_50 St0
@1969 +0
/morse/CLOCK_50 St1
@1970 +0
/morse/CLOCK_50 St0
@1971 +0
/morse/CLOCK_50 St1
@1972 +0
/morse/CLOCK_50 St0
@1973 +0
/morse/CLOCK_50 St1
@1974 +0
/morse/CLOCK_50 St0
@1975 +0
/morse/CLOCK_50 St1
@1976 +0
/morse/CLOCK_50 St0
@1977 +0
/morse/CLOCK_50 St1
@1978 +0
/morse/CLOCK_50 St0
@1979 +0
/morse/CLOCK_50 St1
@1980 +0
/morse/CLOCK_50 St0
@1981 +0
/morse/CLOCK_50 St1
@1982 +0
/morse/CLOCK_50 St0
@1983 +0
/morse/CLOCK_50 St1
@1984 +0
/morse/CLOCK_50 St0
@1985 +0
/morse/CLOCK_50 St1
@1986 +0
/morse/CLOCK_50 St0
@1987 +0
/morse/CLOCK_50 St1
@1988 +0
/morse/CLOCK_50 St0
@1989 +0
/morse/CLOCK_50 St1
@1990 +0
/morse/CLOCK_50 St0
@1991 +0
/morse/CLOCK_50 St1
@1992 +0
/morse/CLOCK_50 St0
@1993 +0
/morse/CLOCK_50 St1
@1994 +0
/morse/CLOCK_50 St0
@1995 +0
/morse/CLOCK_50 St1
@1996 +0
/morse/CLOCK_50 St0
@1997 +0
/morse/CLOCK_50 St1
@1998 +0
/morse/CLOCK_50 St0
@1999 +0
/morse/CLOCK_50 St1
@2000 +0
/morse/CLOCK_50 St0
@2001 +0
/morse/CLOCK_50 St1
@2002 +0
/morse/CLOCK_50 St0
@2003 +0
/morse/CLOCK_50 St1
@2004 +0
/morse/CLOCK_50 St0
@2005 +0
/morse/CLOCK_50 St1
@2005 +1
/morse/clock St1
@2006 +0
/morse/CLOCK_50 St0
@2007 +0
/morse/CLOCK_50 St1
@2007 +1
/morse/clock St0
@2008 +0
/morse/CLOCK_50 St0
@2009 +0
/morse/CLOCK_50 St1
@2010 +0
/morse/CLOCK_50 St0
@2011 +0
/morse/CLOCK_50 St1
@2012 +0
/morse/CLOCK_50 St0
@2013 +0
/morse/CLOCK_50 St1
@2014 +0
/morse/CLOCK_50 St0
@2015 +0
/morse/CLOCK_50 St1
@2016 +0
/morse/CLOCK_50 St0
@2017 +0
/morse/CLOCK_50 St1
@2018 +0
/morse/CLOCK_50 St0
@2019 +0
/morse/CLOCK_50 St1
@2020 +0
/morse/CLOCK_50 St0
@2021 +0
/morse/CLOCK_50 St1
@2022 +0
/morse/CLOCK_50 St0
@2023 +0
/morse/CLOCK_50 St1
@2024 +0
/morse/CLOCK_50 St0
@2025 +0
/morse/CLOCK_50 St1
@2026 +0
/morse/CLOCK_50 St0
@2027 +0
/morse/CLOCK_50 St1
@2028 +0
/morse/CLOCK_50 St0
@2029 +0
/morse/CLOCK_50 St1
@2030 +0
/morse/CLOCK_50 St0
@2031 +0
/morse/CLOCK_50 St1
@2032 +0
/morse/CLOCK_50 St0
@2033 +0
/morse/CLOCK_50 St1
@2034 +0
/morse/CLOCK_50 St0
@2035 +0
/morse/CLOCK_50 St1
@2036 +0
/morse/CLOCK_50 St0
@2037 +0
/morse/CLOCK_50 St1
@2038 +0
/morse/CLOCK_50 St0
@2039 +0
/morse/CLOCK_50 St1
@2040 +0
/morse/CLOCK_50 St0
@2041 +0
/morse/CLOCK_50 St1
@2042 +0
/morse/CLOCK_50 St0
@2043 +0
/morse/CLOCK_50 St1
@2044 +0
/morse/CLOCK_50 St0
@2045 +0
/morse/CLOCK_50 St1
@2046 +0
/morse/CLOCK_50 St0
@2047 +0
/morse/CLOCK_50 St1
@2048 +0
/morse/CLOCK_50 St0
@2049 +0
/morse/CLOCK_50 St1
@2050 +0
/morse/CLOCK_50 St0
@2051 +0
/morse/CLOCK_50 St1
@2052 +0
/morse/CLOCK_50 St0
@2053 +0
/morse/CLOCK_50 St1
@2054 +0
/morse/CLOCK_50 St0
@2055 +0
/morse/CLOCK_50 St1
@2056 +0
/morse/CLOCK_50 St0
@2057 +0
/morse/CLOCK_50 St1
@2058 +0
/morse/CLOCK_50 St0
@2059 +0
/morse/CLOCK_50 St1
@2060 +0
/morse/CLOCK_50 St0
@2061 +0
/morse/CLOCK_50 St1
@2062 +0
/morse/CLOCK_50 St0
@2063 +0
/morse/CLOCK_50 St1
@2064 +0
/morse/CLOCK_50 St0
@2065 +0
/morse/CLOCK_50 St1
@2066 +0
/morse/CLOCK_50 St0
@2067 +0
/morse/CLOCK_50 St1
@2068 +0
/morse/CLOCK_50 St0
@2069 +0
/morse/CLOCK_50 St1
@2069 +1
/morse/clock St1
@2070 +0
/morse/CLOCK_50 St0
@2071 +0
/morse/CLOCK_50 St1
@2071 +1
/morse/clock St0
@2072 +0
/morse/CLOCK_50 St0
@2073 +0
/morse/CLOCK_50 St1
@2074 +0
/morse/CLOCK_50 St0
@2075 +0
/morse/CLOCK_50 St1
@2076 +0
/morse/CLOCK_50 St0
@2077 +0
/morse/CLOCK_50 St1
@2078 +0
/morse/CLOCK_50 St0
@2079 +0
/morse/CLOCK_50 St1
@2080 +0
/morse/CLOCK_50 St0
@2081 +0
/morse/CLOCK_50 St1
@2082 +0
/morse/CLOCK_50 St0
@2083 +0
/morse/CLOCK_50 St1
@2084 +0
/morse/CLOCK_50 St0
@2085 +0
/morse/CLOCK_50 St1
@2086 +0
/morse/CLOCK_50 St0
@2087 +0
/morse/CLOCK_50 St1
@2088 +0
/morse/CLOCK_50 St0
@2089 +0
/morse/CLOCK_50 St1
@2090 +0
/morse/CLOCK_50 St0
@2091 +0
/morse/CLOCK_50 St1
@2092 +0
/morse/CLOCK_50 St0
@2093 +0
/morse/CLOCK_50 St1
@2094 +0
/morse/CLOCK_50 St0
@2095 +0
/morse/CLOCK_50 St1
@2096 +0
/morse/CLOCK_50 St0
@2097 +0
/morse/CLOCK_50 St1
@2098 +0
/morse/CLOCK_50 St0
@2099 +0
/morse/CLOCK_50 St1
@2100 +0
/morse/CLOCK_50 St0
@2101 +0
/morse/CLOCK_50 St1
@2102 +0
/morse/CLOCK_50 St0
@2103 +0
/morse/CLOCK_50 St1
@2104 +0
/morse/CLOCK_50 St0
@2105 +0
/morse/CLOCK_50 St1
@2106 +0
/morse/CLOCK_50 St0
@2107 +0
/morse/CLOCK_50 St1
@2108 +0
/morse/CLOCK_50 St0
@2109 +0
/morse/CLOCK_50 St1
@2110 +0
/morse/CLOCK_50 St0
@2111 +0
/morse/CLOCK_50 St1
@2112 +0
/morse/CLOCK_50 St0
@2113 +0
/morse/CLOCK_50 St1
@2114 +0
/morse/CLOCK_50 St0
@2115 +0
/morse/CLOCK_50 St1
@2116 +0
/morse/CLOCK_50 St0
@2117 +0
/morse/CLOCK_50 St1
@2118 +0
/morse/CLOCK_50 St0
@2119 +0
/morse/CLOCK_50 St1
@2120 +0
/morse/CLOCK_50 St0
@2121 +0
/morse/CLOCK_50 St1
@2122 +0
/morse/CLOCK_50 St0
@2123 +0
/morse/CLOCK_50 St1
@2124 +0
/morse/CLOCK_50 St0
@2125 +0
/morse/CLOCK_50 St1
@2126 +0
/morse/CLOCK_50 St0
@2127 +0
/morse/CLOCK_50 St1
@2128 +0
/morse/CLOCK_50 St0
@2129 +0
/morse/CLOCK_50 St1
@2130 +0
/morse/CLOCK_50 St0
@2131 +0
/morse/CLOCK_50 St1
@2132 +0
/morse/CLOCK_50 St0
@2133 +0
/morse/CLOCK_50 St1
@2133 +1
/morse/clock St1
@2133 +2
/morse/LEDR zzzzzzzzz0
@2134 +0
/morse/CLOCK_50 St0
@2135 +0
/morse/CLOCK_50 St1
@2135 +1
/morse/clock St0
@2136 +0
/morse/CLOCK_50 St0
@2137 +0
/morse/CLOCK_50 St1
@2138 +0
/morse/CLOCK_50 St0
@2139 +0
/morse/CLOCK_50 St1
@2140 +0
/morse/CLOCK_50 St0
@2141 +0
/morse/CLOCK_50 St1
@2142 +0
/morse/CLOCK_50 St0
@2143 +0
/morse/CLOCK_50 St1
@2144 +0
/morse/CLOCK_50 St0
@2145 +0
/morse/CLOCK_50 St1
@2146 +0
/morse/CLOCK_50 St0
@2147 +0
/morse/CLOCK_50 St1
@2148 +0
/morse/CLOCK_50 St0
@2149 +0
/morse/CLOCK_50 St1
@2150 +0
/morse/CLOCK_50 St0
@2151 +0
/morse/CLOCK_50 St1
@2152 +0
/morse/CLOCK_50 St0
@2153 +0
/morse/CLOCK_50 St1
@2154 +0
/morse/CLOCK_50 St0
@2155 +0
/morse/CLOCK_50 St1
@2156 +0
/morse/CLOCK_50 St0
@2157 +0
/morse/CLOCK_50 St1
@2158 +0
/morse/CLOCK_50 St0
@2159 +0
/morse/CLOCK_50 St1
@2160 +0
/morse/CLOCK_50 St0
@2161 +0
/morse/CLOCK_50 St1
@2162 +0
/morse/CLOCK_50 St0
@2163 +0
/morse/CLOCK_50 St1
@2164 +0
/morse/CLOCK_50 St0
@2165 +0
/morse/CLOCK_50 St1
@2166 +0
/morse/CLOCK_50 St0
@2167 +0
/morse/CLOCK_50 St1
@2168 +0
/morse/CLOCK_50 St0
@2169 +0
/morse/CLOCK_50 St1
@2170 +0
/morse/CLOCK_50 St0
@2171 +0
/morse/CLOCK_50 St1
@2172 +0
/morse/CLOCK_50 St0
@2173 +0
/morse/CLOCK_50 St1
@2174 +0
/morse/CLOCK_50 St0
@2175 +0
/morse/CLOCK_50 St1
@2176 +0
/morse/CLOCK_50 St0
@2177 +0
/morse/CLOCK_50 St1
@2178 +0
/morse/CLOCK_50 St0
@2179 +0
/morse/CLOCK_50 St1
@2180 +0
/morse/CLOCK_50 St0
@2181 +0
/morse/CLOCK_50 St1
@2182 +0
/morse/CLOCK_50 St0
@2183 +0
/morse/CLOCK_50 St1
@2184 +0
/morse/CLOCK_50 St0
@2185 +0
/morse/CLOCK_50 St1
@2186 +0
/morse/CLOCK_50 St0
@2187 +0
/morse/CLOCK_50 St1
@2188 +0
/morse/CLOCK_50 St0
@2189 +0
/morse/CLOCK_50 St1
@2190 +0
/morse/CLOCK_50 St0
@2191 +0
/morse/CLOCK_50 St1
@2192 +0
/morse/CLOCK_50 St0
@2193 +0
/morse/CLOCK_50 St1
@2194 +0
/morse/CLOCK_50 St0
@2195 +0
/morse/CLOCK_50 St1
@2196 +0
/morse/CLOCK_50 St0
@2197 +0
/morse/CLOCK_50 St1
@2197 +1
/morse/clock St1
@2198 +0
/morse/CLOCK_50 St0
@2199 +0
/morse/CLOCK_50 St1
@2199 +1
/morse/clock St0
@2200 +0
/morse/CLOCK_50 St0
@2201 +0
/morse/CLOCK_50 St1
@2202 +0
/morse/CLOCK_50 St0
@2203 +0
/morse/CLOCK_50 St1
@2204 +0
/morse/CLOCK_50 St0
@2205 +0
/morse/CLOCK_50 St1
@2206 +0
/morse/CLOCK_50 St0
@2207 +0
/morse/CLOCK_50 St1
@2208 +0
/morse/CLOCK_50 St0
@2209 +0
/morse/CLOCK_50 St1
@2210 +0
/morse/CLOCK_50 St0
@2211 +0
/morse/CLOCK_50 St1
@2212 +0
/morse/CLOCK_50 St0
@2213 +0
/morse/CLOCK_50 St1
@2214 +0
/morse/CLOCK_50 St0
@2215 +0
/morse/CLOCK_50 St1
@2216 +0
/morse/CLOCK_50 St0
@2217 +0
/morse/CLOCK_50 St1
@2218 +0
/morse/CLOCK_50 St0
@2219 +0
/morse/CLOCK_50 St1
@2220 +0
/morse/CLOCK_50 St0
@2221 +0
/morse/CLOCK_50 St1
@2222 +0
/morse/CLOCK_50 St0
@2223 +0
/morse/CLOCK_50 St1
@2224 +0
/morse/CLOCK_50 St0
@2225 +0
/morse/CLOCK_50 St1
@2226 +0
/morse/CLOCK_50 St0
@2227 +0
/morse/CLOCK_50 St1
@2228 +0
/morse/CLOCK_50 St0
@2229 +0
/morse/CLOCK_50 St1
@2230 +0
/morse/CLOCK_50 St0
@2231 +0
/morse/CLOCK_50 St1
@2232 +0
/morse/CLOCK_50 St0
@2233 +0
/morse/CLOCK_50 St1
@2234 +0
/morse/CLOCK_50 St0
@2235 +0
/morse/CLOCK_50 St1
@2236 +0
/morse/CLOCK_50 St0
@2237 +0
/morse/CLOCK_50 St1
@2238 +0
/morse/CLOCK_50 St0
@2239 +0
/morse/CLOCK_50 St1
@2240 +0
/morse/CLOCK_50 St0
@2241 +0
/morse/CLOCK_50 St1
@2242 +0
/morse/CLOCK_50 St0
@2243 +0
/morse/CLOCK_50 St1
@2244 +0
/morse/CLOCK_50 St0
@2245 +0
/morse/CLOCK_50 St1
@2246 +0
/morse/CLOCK_50 St0
@2247 +0
/morse/CLOCK_50 St1
@2248 +0
/morse/CLOCK_50 St0
@2249 +0
/morse/CLOCK_50 St1
@2250 +0
/morse/CLOCK_50 St0
@2251 +0
/morse/CLOCK_50 St1
@2252 +0
/morse/CLOCK_50 St0
@2253 +0
/morse/CLOCK_50 St1
@2254 +0
/morse/CLOCK_50 St0
@2255 +0
/morse/CLOCK_50 St1
@2256 +0
/morse/CLOCK_50 St0
@2257 +0
/morse/CLOCK_50 St1
@2258 +0
/morse/CLOCK_50 St0
@2259 +0
/morse/CLOCK_50 St1
@2260 +0
/morse/CLOCK_50 St0
@2261 +0
/morse/CLOCK_50 St1
@2261 +1
/morse/clock St1
@2262 +0
/morse/CLOCK_50 St0
@2263 +0
/morse/CLOCK_50 St1
@2263 +1
/morse/clock St0
@2264 +0
/morse/CLOCK_50 St0
@2265 +0
/morse/CLOCK_50 St1
@2266 +0
/morse/CLOCK_50 St0
@2267 +0
/morse/CLOCK_50 St1
@2268 +0
/morse/CLOCK_50 St0
@2269 +0
/morse/CLOCK_50 St1
@2270 +0
/morse/CLOCK_50 St0
@2271 +0
/morse/CLOCK_50 St1
@2272 +0
/morse/CLOCK_50 St0
@2273 +0
/morse/CLOCK_50 St1
@2274 +0
/morse/CLOCK_50 St0
@2275 +0
/morse/CLOCK_50 St1
@2276 +0
/morse/CLOCK_50 St0
@2277 +0
/morse/CLOCK_50 St1
@2278 +0
/morse/CLOCK_50 St0
@2279 +0
/morse/CLOCK_50 St1
@2280 +0
/morse/CLOCK_50 St0
@2281 +0
/morse/CLOCK_50 St1
@2282 +0
/morse/CLOCK_50 St0
@2283 +0
/morse/CLOCK_50 St1
@2284 +0
/morse/CLOCK_50 St0
@2285 +0
/morse/CLOCK_50 St1
@2286 +0
/morse/CLOCK_50 St0
@2287 +0
/morse/CLOCK_50 St1
@2288 +0
/morse/CLOCK_50 St0
@2289 +0
/morse/CLOCK_50 St1
@2290 +0
/morse/CLOCK_50 St0
@2291 +0
/morse/CLOCK_50 St1
@2292 +0
/morse/CLOCK_50 St0
@2293 +0
/morse/CLOCK_50 St1
@2294 +0
/morse/CLOCK_50 St0
@2295 +0
/morse/CLOCK_50 St1
@2296 +0
/morse/CLOCK_50 St0
@2297 +0
/morse/CLOCK_50 St1
@2298 +0
/morse/CLOCK_50 St0
@2299 +0
/morse/CLOCK_50 St1
@2300 +0
/morse/CLOCK_50 St0
@2301 +0
/morse/CLOCK_50 St1
@2302 +0
/morse/CLOCK_50 St0
@2303 +0
/morse/CLOCK_50 St1
@2304 +0
/morse/CLOCK_50 St0
@2305 +0
/morse/CLOCK_50 St1
@2306 +0
/morse/CLOCK_50 St0
@2307 +0
/morse/CLOCK_50 St1
@2308 +0
/morse/CLOCK_50 St0
@2309 +0
/morse/CLOCK_50 St1
@2310 +0
/morse/CLOCK_50 St0
@2311 +0
/morse/CLOCK_50 St1
@2312 +0
/morse/CLOCK_50 St0
@2313 +0
/morse/CLOCK_50 St1
@2314 +0
/morse/CLOCK_50 St0
@2315 +0
/morse/CLOCK_50 St1
@2316 +0
/morse/CLOCK_50 St0
@2317 +0
/morse/CLOCK_50 St1
@2318 +0
/morse/CLOCK_50 St0
@2319 +0
/morse/CLOCK_50 St1
@2320 +0
/morse/CLOCK_50 St0
@2321 +0
/morse/CLOCK_50 St1
@2322 +0
/morse/CLOCK_50 St0
@2323 +0
/morse/CLOCK_50 St1
@2324 +0
/morse/CLOCK_50 St0
@2325 +0
/morse/CLOCK_50 St1
@2325 +1
/morse/clock St1
@2326 +0
/morse/CLOCK_50 St0
@2327 +0
/morse/CLOCK_50 St1
@2327 +1
/morse/clock St0
@2328 +0
/morse/CLOCK_50 St0
@2329 +0
/morse/CLOCK_50 St1
@2330 +0
/morse/CLOCK_50 St0
@2331 +0
/morse/CLOCK_50 St1
@2332 +0
/morse/CLOCK_50 St0
@2333 +0
/morse/CLOCK_50 St1
@2334 +0
/morse/CLOCK_50 St0
@2335 +0
/morse/CLOCK_50 St1
@2336 +0
/morse/CLOCK_50 St0
@2337 +0
/morse/CLOCK_50 St1
@2338 +0
/morse/CLOCK_50 St0
@2339 +0
/morse/CLOCK_50 St1
@2340 +0
/morse/CLOCK_50 St0
@2341 +0
/morse/CLOCK_50 St1
@2342 +0
/morse/CLOCK_50 St0
@2343 +0
/morse/CLOCK_50 St1
@2344 +0
/morse/CLOCK_50 St0
@2345 +0
/morse/CLOCK_50 St1
@2346 +0
/morse/CLOCK_50 St0
@2347 +0
/morse/CLOCK_50 St1
@2348 +0
/morse/CLOCK_50 St0
@2349 +0
/morse/CLOCK_50 St1
@2350 +0
/morse/CLOCK_50 St0
@2351 +0
/morse/CLOCK_50 St1
@2352 +0
/morse/CLOCK_50 St0
@2353 +0
/morse/CLOCK_50 St1
@2354 +0
/morse/CLOCK_50 St0
@2355 +0
/morse/CLOCK_50 St1
@2356 +0
/morse/CLOCK_50 St0
@2357 +0
/morse/CLOCK_50 St1
@2358 +0
/morse/CLOCK_50 St0
@2359 +0
/morse/CLOCK_50 St1
@2360 +0
/morse/CLOCK_50 St0
@2361 +0
/morse/CLOCK_50 St1
@2362 +0
/morse/CLOCK_50 St0
@2363 +0
/morse/CLOCK_50 St1
@2364 +0
/morse/CLOCK_50 St0
@2365 +0
/morse/CLOCK_50 St1
@2366 +0
/morse/CLOCK_50 St0
@2367 +0
/morse/CLOCK_50 St1
@2368 +0
/morse/CLOCK_50 St0
@2369 +0
/morse/CLOCK_50 St1
@2370 +0
/morse/CLOCK_50 St0
@2371 +0
/morse/CLOCK_50 St1
@2372 +0
/morse/CLOCK_50 St0
@2373 +0
/morse/CLOCK_50 St1
@2374 +0
/morse/CLOCK_50 St0
@2375 +0
/morse/CLOCK_50 St1
@2376 +0
/morse/CLOCK_50 St0
@2377 +0
/morse/CLOCK_50 St1
@2378 +0
/morse/CLOCK_50 St0
@2379 +0
/morse/CLOCK_50 St1
@2380 +0
/morse/CLOCK_50 St0
@2381 +0
/morse/CLOCK_50 St1
@2382 +0
/morse/CLOCK_50 St0
@2383 +0
/morse/CLOCK_50 St1
@2384 +0
/morse/CLOCK_50 St0
@2385 +0
/morse/CLOCK_50 St1
@2386 +0
/morse/CLOCK_50 St0
@2387 +0
/morse/CLOCK_50 St1
@2388 +0
/morse/CLOCK_50 St0
@2389 +0
/morse/CLOCK_50 St1
@2389 +1
/morse/clock St1
@2390 +0
/morse/CLOCK_50 St0
@2391 +0
/morse/CLOCK_50 St1
@2391 +1
/morse/clock St0
@2392 +0
/morse/CLOCK_50 St0
@2393 +0
/morse/CLOCK_50 St1
@2394 +0
/morse/CLOCK_50 St0
@2395 +0
/morse/CLOCK_50 St1
@2396 +0
/morse/CLOCK_50 St0
@2397 +0
/morse/CLOCK_50 St1
@2398 +0
/morse/CLOCK_50 St0
@2399 +0
/morse/CLOCK_50 St1
@2400 +0
/morse/CLOCK_50 St0
@2401 +0
/morse/CLOCK_50 St1
@2402 +0
/morse/CLOCK_50 St0
@2403 +0
/morse/CLOCK_50 St1
@2404 +0
/morse/CLOCK_50 St0
@2405 +0
/morse/CLOCK_50 St1
@2406 +0
/morse/CLOCK_50 St0
@2407 +0
/morse/CLOCK_50 St1
@2408 +0
/morse/CLOCK_50 St0
@2409 +0
/morse/CLOCK_50 St1
@2410 +0
/morse/CLOCK_50 St0
@2411 +0
/morse/CLOCK_50 St1
@2412 +0
/morse/CLOCK_50 St0
@2413 +0
/morse/CLOCK_50 St1
@2414 +0
/morse/CLOCK_50 St0
@2415 +0
/morse/CLOCK_50 St1
@2416 +0
/morse/CLOCK_50 St0
@2417 +0
/morse/CLOCK_50 St1
@2418 +0
/morse/CLOCK_50 St0
@2419 +0
/morse/CLOCK_50 St1
@2420 +0
/morse/CLOCK_50 St0
@2421 +0
/morse/CLOCK_50 St1
@2422 +0
/morse/CLOCK_50 St0
@2423 +0
/morse/CLOCK_50 St1
@2424 +0
/morse/CLOCK_50 St0
@2425 +0
/morse/CLOCK_50 St1
@2426 +0
/morse/CLOCK_50 St0
@2427 +0
/morse/CLOCK_50 St1
@2428 +0
/morse/CLOCK_50 St0
@2429 +0
/morse/CLOCK_50 St1
@2430 +0
/morse/CLOCK_50 St0
@2431 +0
/morse/CLOCK_50 St1
@2432 +0
/morse/CLOCK_50 St0
@2433 +0
/morse/CLOCK_50 St1
@2434 +0
/morse/CLOCK_50 St0
@2435 +0
/morse/CLOCK_50 St1
@2436 +0
/morse/CLOCK_50 St0
@2437 +0
/morse/CLOCK_50 St1
@2438 +0
/morse/CLOCK_50 St0
@2439 +0
/morse/CLOCK_50 St1
@2440 +0
/morse/CLOCK_50 St0
@2441 +0
/morse/CLOCK_50 St1
@2442 +0
/morse/CLOCK_50 St0
@2443 +0
/morse/CLOCK_50 St1
@2444 +0
/morse/CLOCK_50 St0
@2445 +0
/morse/CLOCK_50 St1
@2446 +0
/morse/CLOCK_50 St0
@2447 +0
/morse/CLOCK_50 St1
@2448 +0
/morse/CLOCK_50 St0
@2449 +0
/morse/CLOCK_50 St1
@2450 +0
/morse/CLOCK_50 St0
@2451 +0
/morse/CLOCK_50 St1
@2452 +0
/morse/CLOCK_50 St0
@2453 +0
/morse/CLOCK_50 St1
@2453 +1
/morse/clock St1
@2454 +0
/morse/CLOCK_50 St0
@2455 +0
/morse/CLOCK_50 St1
@2455 +1
/morse/clock St0
@2456 +0
/morse/CLOCK_50 St0
@2457 +0
/morse/CLOCK_50 St1
@2458 +0
/morse/CLOCK_50 St0
@2459 +0
/morse/CLOCK_50 St1
@2460 +0
/morse/CLOCK_50 St0
@2461 +0
/morse/CLOCK_50 St1
@2462 +0
/morse/CLOCK_50 St0
@2463 +0
/morse/CLOCK_50 St1
@2464 +0
/morse/CLOCK_50 St0
@2465 +0
/morse/CLOCK_50 St1
@2466 +0
/morse/CLOCK_50 St0
@2467 +0
/morse/CLOCK_50 St1
@2468 +0
/morse/CLOCK_50 St0
@2469 +0
/morse/CLOCK_50 St1
@2470 +0
/morse/CLOCK_50 St0
@2471 +0
/morse/CLOCK_50 St1
@2472 +0
/morse/CLOCK_50 St0
@2473 +0
/morse/CLOCK_50 St1
@2474 +0
/morse/CLOCK_50 St0
@2475 +0
/morse/CLOCK_50 St1
@2476 +0
/morse/CLOCK_50 St0
@2477 +0
/morse/CLOCK_50 St1
@2478 +0
/morse/CLOCK_50 St0
@2479 +0
/morse/CLOCK_50 St1
@2480 +0
/morse/CLOCK_50 St0
@2481 +0
/morse/CLOCK_50 St1
@2482 +0
/morse/CLOCK_50 St0
@2483 +0
/morse/CLOCK_50 St1
@2484 +0
/morse/CLOCK_50 St0
@2485 +0
/morse/CLOCK_50 St1
@2486 +0
/morse/CLOCK_50 St0
@2487 +0
/morse/CLOCK_50 St1
@2488 +0
/morse/CLOCK_50 St0
@2489 +0
/morse/CLOCK_50 St1
@2490 +0
/morse/CLOCK_50 St0
@2491 +0
/morse/CLOCK_50 St1
@2492 +0
/morse/CLOCK_50 St0
@2493 +0
/morse/CLOCK_50 St1
@2494 +0
/morse/CLOCK_50 St0
@2495 +0
/morse/CLOCK_50 St1
@2496 +0
/morse/CLOCK_50 St0
@2497 +0
/morse/CLOCK_50 St1
@2498 +0
/morse/CLOCK_50 St0
@2499 +0
/morse/CLOCK_50 St1
@2500 +0
/morse/CLOCK_50 St0
@2501 +0
/morse/CLOCK_50 St1
@2502 +0
/morse/CLOCK_50 St0
@2503 +0
/morse/CLOCK_50 St1
@2504 +0
/morse/CLOCK_50 St0
@2505 +0
/morse/CLOCK_50 St1
@2506 +0
/morse/CLOCK_50 St0
@2507 +0
/morse/CLOCK_50 St1
@2508 +0
/morse/CLOCK_50 St0
@2509 +0
/morse/CLOCK_50 St1
@2510 +0
/morse/CLOCK_50 St0
@2511 +0
/morse/CLOCK_50 St1
@2512 +0
/morse/CLOCK_50 St0
@2513 +0
/morse/CLOCK_50 St1
@2514 +0
/morse/CLOCK_50 St0
@2515 +0
/morse/CLOCK_50 St1
@2516 +0
/morse/CLOCK_50 St0
@2517 +0
/morse/CLOCK_50 St1
@2517 +1
/morse/clock St1
@2518 +0
/morse/CLOCK_50 St0
@2519 +0
/morse/CLOCK_50 St1
@2519 +1
/morse/clock St0
@2520 +0
/morse/CLOCK_50 St0
@2521 +0
/morse/CLOCK_50 St1
@2522 +0
/morse/CLOCK_50 St0
@2523 +0
/morse/CLOCK_50 St1
@2524 +0
/morse/CLOCK_50 St0
@2525 +0
/morse/CLOCK_50 St1
@2526 +0
/morse/CLOCK_50 St0
@2527 +0
/morse/CLOCK_50 St1
@2528 +0
/morse/CLOCK_50 St0
@2529 +0
/morse/CLOCK_50 St1
@2530 +0
/morse/CLOCK_50 St0
@2531 +0
/morse/CLOCK_50 St1
@2532 +0
/morse/CLOCK_50 St0
@2533 +0
/morse/CLOCK_50 St1
@2534 +0
/morse/CLOCK_50 St0
@2535 +0
/morse/CLOCK_50 St1
@2536 +0
/morse/CLOCK_50 St0
@2537 +0
/morse/CLOCK_50 St1
@2538 +0
/morse/CLOCK_50 St0
@2539 +0
/morse/CLOCK_50 St1
@2540 +0
/morse/CLOCK_50 St0
@2541 +0
/morse/CLOCK_50 St1
@2542 +0
/morse/CLOCK_50 St0
@2543 +0
/morse/CLOCK_50 St1
@2544 +0
/morse/CLOCK_50 St0
@2545 +0
/morse/CLOCK_50 St1
@2546 +0
/morse/CLOCK_50 St0
@2547 +0
/morse/CLOCK_50 St1
@2548 +0
/morse/CLOCK_50 St0
@2549 +0
/morse/CLOCK_50 St1
@2550 +0
/morse/CLOCK_50 St0
@2551 +0
/morse/CLOCK_50 St1
@2552 +0
/morse/CLOCK_50 St0
@2553 +0
/morse/CLOCK_50 St1
@2554 +0
/morse/CLOCK_50 St0
@2555 +0
/morse/CLOCK_50 St1
@2556 +0
/morse/CLOCK_50 St0
@2557 +0
/morse/CLOCK_50 St1
@2558 +0
/morse/CLOCK_50 St0
@2559 +0
/morse/CLOCK_50 St1
@2560 +0
/morse/CLOCK_50 St0
@2561 +0
/morse/CLOCK_50 St1
@2562 +0
/morse/CLOCK_50 St0
@2563 +0
/morse/CLOCK_50 St1
@2564 +0
/morse/CLOCK_50 St0
@2565 +0
/morse/CLOCK_50 St1
@2566 +0
/morse/CLOCK_50 St0
@2567 +0
/morse/CLOCK_50 St1
@2568 +0
/morse/CLOCK_50 St0
@2569 +0
/morse/CLOCK_50 St1
@2570 +0
/morse/CLOCK_50 St0
@2571 +0
/morse/CLOCK_50 St1
@2572 +0
/morse/CLOCK_50 St0
@2573 +0
/morse/CLOCK_50 St1
@2574 +0
/morse/CLOCK_50 St0
@2575 +0
/morse/CLOCK_50 St1
@2576 +0
/morse/CLOCK_50 St0
@2577 +0
/morse/CLOCK_50 St1
@2578 +0
/morse/CLOCK_50 St0
@2579 +0
/morse/CLOCK_50 St1
@2580 +0
/morse/CLOCK_50 St0
@2581 +0
/morse/CLOCK_50 St1
@2581 +1
/morse/clock St1
@2582 +0
/morse/CLOCK_50 St0
@2583 +0
/morse/CLOCK_50 St1
@2583 +1
/morse/clock St0
@2584 +0
/morse/CLOCK_50 St0
@2585 +0
/morse/CLOCK_50 St1
@2586 +0
/morse/CLOCK_50 St0
@2587 +0
/morse/CLOCK_50 St1
@2588 +0
/morse/CLOCK_50 St0
@2589 +0
/morse/CLOCK_50 St1
@2590 +0
/morse/CLOCK_50 St0
@2591 +0
/morse/CLOCK_50 St1
@2592 +0
/morse/CLOCK_50 St0
@2593 +0
/morse/CLOCK_50 St1
@2594 +0
/morse/CLOCK_50 St0
@2595 +0
/morse/CLOCK_50 St1
@2596 +0
/morse/CLOCK_50 St0
@2597 +0
/morse/CLOCK_50 St1
@2598 +0
/morse/CLOCK_50 St0
@2599 +0
/morse/CLOCK_50 St1
@2600 +0
/morse/CLOCK_50 St0
@2601 +0
/morse/CLOCK_50 St1
@2602 +0
/morse/CLOCK_50 St0
@2603 +0
/morse/CLOCK_50 St1
@2604 +0
/morse/CLOCK_50 St0
@2605 +0
/morse/CLOCK_50 St1
@2606 +0
/morse/CLOCK_50 St0
@2607 +0
/morse/CLOCK_50 St1
@2608 +0
/morse/CLOCK_50 St0
@2609 +0
/morse/CLOCK_50 St1
@2610 +0
/morse/CLOCK_50 St0
@2611 +0
/morse/CLOCK_50 St1
@2612 +0
/morse/CLOCK_50 St0
@2613 +0
/morse/CLOCK_50 St1
@2614 +0
/morse/CLOCK_50 St0
@2615 +0
/morse/CLOCK_50 St1
@2616 +0
/morse/CLOCK_50 St0
@2617 +0
/morse/CLOCK_50 St1
@2618 +0
/morse/CLOCK_50 St0
@2619 +0
/morse/CLOCK_50 St1
@2620 +0
/morse/CLOCK_50 St0
@2621 +0
/morse/CLOCK_50 St1
@2622 +0
/morse/CLOCK_50 St0
@2623 +0
/morse/CLOCK_50 St1
@2624 +0
/morse/CLOCK_50 St0
@2625 +0
/morse/CLOCK_50 St1
@2626 +0
/morse/CLOCK_50 St0
@2627 +0
/morse/CLOCK_50 St1
@2628 +0
/morse/CLOCK_50 St0
@2629 +0
/morse/CLOCK_50 St1
@2630 +0
/morse/CLOCK_50 St0
@2631 +0
/morse/CLOCK_50 St1
@2632 +0
/morse/CLOCK_50 St0
@2633 +0
/morse/CLOCK_50 St1
@2634 +0
/morse/CLOCK_50 St0
@2635 +0
/morse/CLOCK_50 St1
@2636 +0
/morse/CLOCK_50 St0
@2637 +0
/morse/CLOCK_50 St1
@2638 +0
/morse/CLOCK_50 St0
@2639 +0
/morse/CLOCK_50 St1
@2640 +0
/morse/CLOCK_50 St0
@2641 +0
/morse/CLOCK_50 St1
@2642 +0
/morse/CLOCK_50 St0
@2643 +0
/morse/CLOCK_50 St1
@2644 +0
/morse/CLOCK_50 St0
@2645 +0
/morse/CLOCK_50 St1
@2645 +1
/morse/clock St1
@2646 +0
/morse/CLOCK_50 St0
@2647 +0
/morse/CLOCK_50 St1
@2647 +1
/morse/clock St0
@2648 +0
/morse/CLOCK_50 St0
@2649 +0
/morse/CLOCK_50 St1
@2650 +0
/morse/CLOCK_50 St0
@2651 +0
/morse/CLOCK_50 St1
@2652 +0
/morse/CLOCK_50 St0
@2653 +0
/morse/CLOCK_50 St1
@2654 +0
/morse/CLOCK_50 St0
@2655 +0
/morse/CLOCK_50 St1
@2656 +0
/morse/CLOCK_50 St0
@2657 +0
/morse/CLOCK_50 St1
@2658 +0
/morse/CLOCK_50 St0
@2659 +0
/morse/CLOCK_50 St1
@2660 +0
/morse/CLOCK_50 St0
@2661 +0
/morse/CLOCK_50 St1
@2662 +0
/morse/CLOCK_50 St0
@2663 +0
/morse/CLOCK_50 St1
@2664 +0
/morse/CLOCK_50 St0
@2665 +0
/morse/CLOCK_50 St1
@2666 +0
/morse/CLOCK_50 St0
@2667 +0
/morse/CLOCK_50 St1
@2668 +0
/morse/CLOCK_50 St0
@2669 +0
/morse/CLOCK_50 St1
@2670 +0
/morse/CLOCK_50 St0
@2671 +0
/morse/CLOCK_50 St1
@2672 +0
/morse/CLOCK_50 St0
@2673 +0
/morse/CLOCK_50 St1
@2674 +0
/morse/CLOCK_50 St0
@2675 +0
/morse/CLOCK_50 St1
@2676 +0
/morse/CLOCK_50 St0
@2677 +0
/morse/CLOCK_50 St1
@2678 +0
/morse/CLOCK_50 St0
@2679 +0
/morse/CLOCK_50 St1
@2680 +0
/morse/CLOCK_50 St0
@2681 +0
/morse/CLOCK_50 St1
@2682 +0
/morse/CLOCK_50 St0
@2683 +0
/morse/CLOCK_50 St1
@2684 +0
/morse/CLOCK_50 St0
@2685 +0
/morse/CLOCK_50 St1
@2686 +0
/morse/CLOCK_50 St0
@2687 +0
/morse/CLOCK_50 St1
@2688 +0
/morse/CLOCK_50 St0
@2689 +0
/morse/CLOCK_50 St1
@2690 +0
/morse/CLOCK_50 St0
@2691 +0
/morse/CLOCK_50 St1
@2692 +0
/morse/CLOCK_50 St0
@2693 +0
/morse/CLOCK_50 St1
@2694 +0
/morse/CLOCK_50 St0
@2695 +0
/morse/CLOCK_50 St1
@2696 +0
/morse/CLOCK_50 St0
@2697 +0
/morse/CLOCK_50 St1
@2698 +0
/morse/CLOCK_50 St0
@2699 +0
/morse/CLOCK_50 St1
@2700 +0
/morse/CLOCK_50 St0
@2701 +0
/morse/CLOCK_50 St1
@2702 +0
/morse/CLOCK_50 St0
@2703 +0
/morse/CLOCK_50 St1
@2704 +0
/morse/CLOCK_50 St0
@2705 +0
/morse/CLOCK_50 St1
@2706 +0
/morse/CLOCK_50 St0
@2707 +0
/morse/CLOCK_50 St1
@2708 +0
/morse/CLOCK_50 St0
@2709 +0
/morse/CLOCK_50 St1
@2709 +1
/morse/clock St1
@2710 +0
/morse/CLOCK_50 St0
@2711 +0
/morse/CLOCK_50 St1
@2711 +1
/morse/clock St0
@2712 +0
/morse/CLOCK_50 St0
@2713 +0
/morse/CLOCK_50 St1
@2714 +0
/morse/CLOCK_50 St0
@2715 +0
/morse/CLOCK_50 St1
@2716 +0
/morse/CLOCK_50 St0
@2717 +0
/morse/CLOCK_50 St1
@2718 +0
/morse/CLOCK_50 St0
@2719 +0
/morse/CLOCK_50 St1
@2720 +0
/morse/CLOCK_50 St0
@2721 +0
/morse/CLOCK_50 St1
@2722 +0
/morse/CLOCK_50 St0
@2723 +0
/morse/CLOCK_50 St1
@2724 +0
/morse/CLOCK_50 St0
@2725 +0
/morse/CLOCK_50 St1
@2726 +0
/morse/CLOCK_50 St0
@2727 +0
/morse/CLOCK_50 St1
@2728 +0
/morse/CLOCK_50 St0
@2729 +0
/morse/CLOCK_50 St1
@2730 +0
/morse/CLOCK_50 St0
@2731 +0
/morse/CLOCK_50 St1
@2732 +0
/morse/CLOCK_50 St0
@2733 +0
/morse/CLOCK_50 St1
@2734 +0
/morse/CLOCK_50 St0
@2735 +0
/morse/CLOCK_50 St1
@2736 +0
/morse/CLOCK_50 St0
@2737 +0
/morse/CLOCK_50 St1
@2738 +0
/morse/CLOCK_50 St0
@2739 +0
/morse/CLOCK_50 St1
@2740 +0
/morse/CLOCK_50 St0
@2741 +0
/morse/CLOCK_50 St1
@2742 +0
/morse/CLOCK_50 St0
@2743 +0
/morse/CLOCK_50 St1
@2744 +0
/morse/CLOCK_50 St0
@2745 +0
/morse/CLOCK_50 St1
@2746 +0
/morse/CLOCK_50 St0
@2747 +0
/morse/CLOCK_50 St1
@2748 +0
/morse/CLOCK_50 St0
@2749 +0
/morse/CLOCK_50 St1
@2750 +0
/morse/CLOCK_50 St0
@2751 +0
/morse/CLOCK_50 St1
@2752 +0
/morse/CLOCK_50 St0
@2753 +0
/morse/CLOCK_50 St1
@2754 +0
/morse/CLOCK_50 St0
@2755 +0
/morse/CLOCK_50 St1
@2756 +0
/morse/CLOCK_50 St0
@2757 +0
/morse/CLOCK_50 St1
@2758 +0
/morse/CLOCK_50 St0
@2759 +0
/morse/CLOCK_50 St1
@2760 +0
/morse/CLOCK_50 St0
@2761 +0
/morse/CLOCK_50 St1
@2762 +0
/morse/CLOCK_50 St0
@2763 +0
/morse/CLOCK_50 St1
@2764 +0
/morse/CLOCK_50 St0
@2765 +0
/morse/CLOCK_50 St1
@2766 +0
/morse/CLOCK_50 St0
@2767 +0
/morse/CLOCK_50 St1
@2768 +0
/morse/CLOCK_50 St0
@2769 +0
/morse/CLOCK_50 St1
@2770 +0
/morse/CLOCK_50 St0
@2771 +0
/morse/CLOCK_50 St1
@2772 +0
/morse/CLOCK_50 St0
@2773 +0
/morse/CLOCK_50 St1
@2773 +1
/morse/clock St1
@2774 +0
/morse/CLOCK_50 St0
@2775 +0
/morse/CLOCK_50 St1
@2775 +1
/morse/clock St0
@2776 +0
/morse/CLOCK_50 St0
@2777 +0
/morse/CLOCK_50 St1
@2778 +0
/morse/CLOCK_50 St0
@2779 +0
/morse/CLOCK_50 St1
@2780 +0
/morse/CLOCK_50 St0
@2781 +0
/morse/CLOCK_50 St1
@2782 +0
/morse/CLOCK_50 St0
@2783 +0
/morse/CLOCK_50 St1
@2784 +0
/morse/CLOCK_50 St0
@2785 +0
/morse/CLOCK_50 St1
@2786 +0
/morse/CLOCK_50 St0
@2787 +0
/morse/CLOCK_50 St1
@2788 +0
/morse/CLOCK_50 St0
@2789 +0
/morse/CLOCK_50 St1
@2790 +0
/morse/CLOCK_50 St0
@2791 +0
/morse/CLOCK_50 St1
@2792 +0
/morse/CLOCK_50 St0
@2793 +0
/morse/CLOCK_50 St1
@2794 +0
/morse/CLOCK_50 St0
@2795 +0
/morse/CLOCK_50 St1
@2796 +0
/morse/CLOCK_50 St0
@2797 +0
/morse/CLOCK_50 St1
@2798 +0
/morse/CLOCK_50 St0
@2799 +0
/morse/CLOCK_50 St1
@2800 +0
/morse/CLOCK_50 St0
@2801 +0
/morse/CLOCK_50 St1
@2802 +0
/morse/CLOCK_50 St0
@2803 +0
/morse/CLOCK_50 St1
@2804 +0
/morse/CLOCK_50 St0
@2805 +0
/morse/CLOCK_50 St1
@2806 +0
/morse/CLOCK_50 St0
@2807 +0
/morse/CLOCK_50 St1
@2808 +0
/morse/CLOCK_50 St0
@2809 +0
/morse/CLOCK_50 St1
@2810 +0
/morse/CLOCK_50 St0
@2811 +0
/morse/CLOCK_50 St1
@2812 +0
/morse/CLOCK_50 St0
@2813 +0
/morse/CLOCK_50 St1
@2814 +0
/morse/CLOCK_50 St0
@2815 +0
/morse/CLOCK_50 St1
@2816 +0
/morse/CLOCK_50 St0
@2817 +0
/morse/CLOCK_50 St1
@2818 +0
/morse/CLOCK_50 St0
@2819 +0
/morse/CLOCK_50 St1
@2820 +0
/morse/CLOCK_50 St0
@2821 +0
/morse/CLOCK_50 St1
@2822 +0
/morse/CLOCK_50 St0
@2823 +0
/morse/CLOCK_50 St1
@2824 +0
/morse/CLOCK_50 St0
@2825 +0
/morse/CLOCK_50 St1
@2826 +0
/morse/CLOCK_50 St0
@2827 +0
/morse/CLOCK_50 St1
@2828 +0
/morse/CLOCK_50 St0
@2829 +0
/morse/CLOCK_50 St1
@2830 +0
/morse/CLOCK_50 St0
@2831 +0
/morse/CLOCK_50 St1
@2832 +0
/morse/CLOCK_50 St0
@2833 +0
/morse/CLOCK_50 St1
@2834 +0
/morse/CLOCK_50 St0
@2835 +0
/morse/CLOCK_50 St1
@2836 +0
/morse/CLOCK_50 St0
@2837 +0
/morse/CLOCK_50 St1
@2837 +1
/morse/clock St1
@2838 +0
/morse/CLOCK_50 St0
@2839 +0
/morse/CLOCK_50 St1
@2839 +1
/morse/clock St0
@2840 +0
/morse/CLOCK_50 St0
@2841 +0
/morse/CLOCK_50 St1
@2842 +0
/morse/CLOCK_50 St0
@2843 +0
/morse/CLOCK_50 St1
@2844 +0
/morse/CLOCK_50 St0
@2845 +0
/morse/CLOCK_50 St1
@2846 +0
/morse/CLOCK_50 St0
@2847 +0
/morse/CLOCK_50 St1
@2848 +0
/morse/CLOCK_50 St0
@2849 +0
/morse/CLOCK_50 St1
@2850 +0
/morse/CLOCK_50 St0
@2851 +0
/morse/CLOCK_50 St1
@2852 +0
/morse/CLOCK_50 St0
@2853 +0
/morse/CLOCK_50 St1
@2854 +0
/morse/CLOCK_50 St0
@2855 +0
/morse/CLOCK_50 St1
@2856 +0
/morse/CLOCK_50 St0
@2857 +0
/morse/CLOCK_50 St1
@2858 +0
/morse/CLOCK_50 St0
@2859 +0
/morse/CLOCK_50 St1
@2860 +0
/morse/CLOCK_50 St0
@2861 +0
/morse/CLOCK_50 St1
@2862 +0
/morse/CLOCK_50 St0
@2863 +0
/morse/CLOCK_50 St1
@2864 +0
/morse/CLOCK_50 St0
@2865 +0
/morse/CLOCK_50 St1
@2866 +0
/morse/CLOCK_50 St0
@2867 +0
/morse/CLOCK_50 St1
@2868 +0
/morse/CLOCK_50 St0
@2869 +0
/morse/CLOCK_50 St1
@2870 +0
/morse/CLOCK_50 St0
@2871 +0
/morse/CLOCK_50 St1
@2872 +0
/morse/CLOCK_50 St0
@2873 +0
/morse/CLOCK_50 St1
@2874 +0
/morse/CLOCK_50 St0
@2875 +0
/morse/CLOCK_50 St1
@2876 +0
/morse/CLOCK_50 St0
@2877 +0
/morse/CLOCK_50 St1
@2878 +0
/morse/CLOCK_50 St0
@2879 +0
/morse/CLOCK_50 St1
@2880 +0
/morse/CLOCK_50 St0
@2881 +0
/morse/CLOCK_50 St1
@2882 +0
/morse/CLOCK_50 St0
@2883 +0
/morse/CLOCK_50 St1
@2884 +0
/morse/CLOCK_50 St0
@2885 +0
/morse/CLOCK_50 St1
@2886 +0
/morse/CLOCK_50 St0
@2887 +0
/morse/CLOCK_50 St1
@2888 +0
/morse/CLOCK_50 St0
@2889 +0
/morse/CLOCK_50 St1
@2890 +0
/morse/CLOCK_50 St0
@2891 +0
/morse/CLOCK_50 St1
@2892 +0
/morse/CLOCK_50 St0
@2893 +0
/morse/CLOCK_50 St1
@2894 +0
/morse/CLOCK_50 St0
@2895 +0
/morse/CLOCK_50 St1
@2896 +0
/morse/CLOCK_50 St0
@2897 +0
/morse/CLOCK_50 St1
@2898 +0
/morse/CLOCK_50 St0
@2899 +0
/morse/CLOCK_50 St1
@2900 +0
/morse/CLOCK_50 St0
@2901 +0
/morse/CLOCK_50 St1
@2901 +1
/morse/clock St1
@2902 +0
/morse/CLOCK_50 St0
@2903 +0
/morse/CLOCK_50 St1
@2903 +1
/morse/clock St0
@2904 +0
/morse/CLOCK_50 St0
@2905 +0
/morse/CLOCK_50 St1
@2906 +0
/morse/CLOCK_50 St0
@2907 +0
/morse/CLOCK_50 St1
@2908 +0
/morse/CLOCK_50 St0
@2909 +0
/morse/CLOCK_50 St1
@2910 +0
/morse/CLOCK_50 St0
@2911 +0
/morse/CLOCK_50 St1
@2912 +0
/morse/CLOCK_50 St0
@2913 +0
/morse/CLOCK_50 St1
@2914 +0
/morse/CLOCK_50 St0
@2915 +0
/morse/CLOCK_50 St1
@2916 +0
/morse/CLOCK_50 St0
@2917 +0
/morse/CLOCK_50 St1
@2918 +0
/morse/CLOCK_50 St0
@2919 +0
/morse/CLOCK_50 St1
@2920 +0
/morse/CLOCK_50 St0
@2921 +0
/morse/CLOCK_50 St1
@2922 +0
/morse/CLOCK_50 St0
@2923 +0
/morse/CLOCK_50 St1
@2924 +0
/morse/CLOCK_50 St0
@2925 +0
/morse/CLOCK_50 St1
@2926 +0
/morse/CLOCK_50 St0
@2927 +0
/morse/CLOCK_50 St1
@2928 +0
/morse/CLOCK_50 St0
@2929 +0
/morse/CLOCK_50 St1
@2930 +0
/morse/CLOCK_50 St0
@2931 +0
/morse/CLOCK_50 St1
@2932 +0
/morse/CLOCK_50 St0
@2933 +0
/morse/CLOCK_50 St1
@2934 +0
/morse/CLOCK_50 St0
@2935 +0
/morse/CLOCK_50 St1
@2936 +0
/morse/CLOCK_50 St0
@2937 +0
/morse/CLOCK_50 St1
@2938 +0
/morse/CLOCK_50 St0
@2939 +0
/morse/CLOCK_50 St1
@2940 +0
/morse/CLOCK_50 St0
@2941 +0
/morse/CLOCK_50 St1
@2942 +0
/morse/CLOCK_50 St0
@2943 +0
/morse/CLOCK_50 St1
@2944 +0
/morse/CLOCK_50 St0
@2945 +0
/morse/CLOCK_50 St1
@2946 +0
/morse/CLOCK_50 St0
@2947 +0
/morse/CLOCK_50 St1
@2948 +0
/morse/CLOCK_50 St0
@2949 +0
/morse/CLOCK_50 St1
@2950 +0
/morse/CLOCK_50 St0
@2951 +0
/morse/CLOCK_50 St1
@2952 +0
/morse/CLOCK_50 St0
@2953 +0
/morse/CLOCK_50 St1
@2954 +0
/morse/CLOCK_50 St0
@2955 +0
/morse/CLOCK_50 St1
@2956 +0
/morse/CLOCK_50 St0
@2957 +0
/morse/CLOCK_50 St1
@2958 +0
/morse/CLOCK_50 St0
@2959 +0
/morse/CLOCK_50 St1
@2960 +0
/morse/CLOCK_50 St0
@2961 +0
/morse/CLOCK_50 St1
@2962 +0
/morse/CLOCK_50 St0
@2963 +0
/morse/CLOCK_50 St1
@2964 +0
/morse/CLOCK_50 St0
@2965 +0
/morse/CLOCK_50 St1
@2965 +1
/morse/clock St1
@2966 +0
/morse/CLOCK_50 St0
@2967 +0
/morse/CLOCK_50 St1
@2967 +1
/morse/clock St0
@2968 +0
/morse/CLOCK_50 St0
@2969 +0
/morse/CLOCK_50 St1
@2970 +0
/morse/CLOCK_50 St0
@2971 +0
/morse/CLOCK_50 St1
@2972 +0
/morse/CLOCK_50 St0
@2973 +0
/morse/CLOCK_50 St1
@2974 +0
/morse/CLOCK_50 St0
@2975 +0
/morse/CLOCK_50 St1
@2976 +0
/morse/CLOCK_50 St0
@2977 +0
/morse/CLOCK_50 St1
@2978 +0
/morse/CLOCK_50 St0
@2979 +0
/morse/CLOCK_50 St1
@2980 +0
/morse/CLOCK_50 St0
@2981 +0
/morse/CLOCK_50 St1
@2982 +0
/morse/CLOCK_50 St0
@2983 +0
/morse/CLOCK_50 St1
@2984 +0
/morse/CLOCK_50 St0
@2985 +0
/morse/CLOCK_50 St1
@2986 +0
/morse/CLOCK_50 St0
@2987 +0
/morse/CLOCK_50 St1
@2988 +0
/morse/CLOCK_50 St0
@2989 +0
/morse/CLOCK_50 St1
@2990 +0
/morse/CLOCK_50 St0
@2991 +0
/morse/CLOCK_50 St1
@2992 +0
/morse/CLOCK_50 St0
@2993 +0
/morse/CLOCK_50 St1
@2994 +0
/morse/CLOCK_50 St0
@2995 +0
/morse/CLOCK_50 St1
@2996 +0
/morse/CLOCK_50 St0
@2997 +0
/morse/CLOCK_50 St1
@2998 +0
/morse/CLOCK_50 St0
@2999 +0
/morse/CLOCK_50 St1
@3000 +0
/morse/CLOCK_50 St0
